[09:29:05] [INFO] More Chickens PreInit...
[09:29:17] [INFO] More Chickens Init...
[09:29:17] [INFO] Looking for More Chickens addon...
[09:29:17] [INFO] Loading More Chickens addon...
[09:29:17] [INFO] Looking for Base Metals addon...
[09:29:17] [INFO] Loading Base Metals addon...
[09:29:17] [ERROR] Error Registering (basemetals) Chicken: 'invarchicken' It's LayItem was null
[09:29:17] [ERROR] Error Registering (basemetals) Chicken: 'bronzechicken' It's LayItem was null
[09:29:17] [ERROR] Error Registering (basemetals) Chicken: 'zincchicken' It's LayItem was null
[09:29:17] [ERROR] Error Registering (basemetals) Chicken: 'tinchicken' It's LayItem was null
[09:29:17] [ERROR] Error Registering (basemetals) Chicken: 'platinumchicken' It's LayItem was null
[09:29:17] [ERROR] Error Registering (basemetals) Chicken: 'brasschicken' It's LayItem was null
[09:29:17] [ERROR] Error Registering (basemetals) Chicken: 'cupronickelchicken' It's LayItem was null
[09:29:17] [ERROR] Error Registering (basemetals) Chicken: 'saltpeterchicken' It's LayItem was null
[09:29:17] [ERROR] Error Registering (basemetals) Chicken: 'amberchicken' It's LayItem was null
[09:29:17] [ERROR] Error Registering (basemetals) Chicken: 'amethystchicken' It's LayItem was null
[09:29:17] [ERROR] Error Registering (basemetals) Chicken: 'malachitechicken' It's LayItem was null
[09:29:17] [ERROR] Error Registering (basemetals) Chicken: 'peridotchicken' It's LayItem was null
[09:29:17] [ERROR] Error Registering (basemetals) Chicken: 'rubychicken' It's LayItem was null
[09:29:17] [ERROR] Error Registering (basemetals) Chicken: 'sapphirechicken' It's LayItem was null
[09:29:17] [ERROR] Error Registering (basemetals) Chicken: 'tanzanitechicken' It's LayItem was null
[09:29:17] [ERROR] Error Registering (basemetals) Chicken: 'topazchicken' It's LayItem was null
[09:29:17] [ERROR] Error Registering (basemetals) Chicken: 'garnetchicken' It's LayItem was null
[09:29:17] [INFO] Looking for Botania addon...
[09:29:17] [INFO] Loading Botania addon...
[09:29:17] [INFO] Looking for Draconic Evolution addon...
[09:29:17] [INFO] Loading Draconic Evolution addon...
[09:29:17] [INFO] Looking for EnderIO addon...
[09:29:17] [INFO] Loading EnderIO addon...
[09:29:17] [INFO] Looking for Extreme Reactors addon...
[09:29:17] [INFO] Loading Extreme Reactors addon...
[09:29:17] [INFO] Looking for Immersive Engineering addon...
[09:29:17] [INFO] Loading Immersive Engineering addon...
[09:29:17] [INFO] Looking for Mekanism addon...
[09:29:17] [INFO] Loading Mekanism addon...
[09:29:17] [INFO] Looking for Thermal Foundation addon...
[09:29:17] [INFO] Looking for Tinkers Construct addon...
[09:29:17] [INFO] Loading Tinkers Construct addon...
[09:29:17] [INFO] More Chickens Loading Config...
