[15:11:40] [main/DEBUG] [FML/]: Injecting tracing printstreams for STDOUT/STDERR.
[15:11:40] [main/INFO] [FML/]: Forge Mod Loader version 12.18.3.2477 for Minecraft 1.10.2 loading
[15:11:40] [main/INFO] [FML/]: Java is OpenJDK 64-Bit Server VM, version 1.8.0_171, running on Linux:amd64:4.15.0-24-generic, installed at /usr/lib/jvm/java-1.8-openjdk/jre
[15:11:40] [main/DEBUG] [FML/]: Java classpath at launch is FTBserver-1.10.2-12.18.3.2477.jar
[15:11:40] [main/DEBUG] [FML/]: Java library path at launch is /usr/lib/jvm/java-1.8-openjdk/jre/lib/amd64/server:/usr/lib/jvm/java-1.8-openjdk/jre/lib/amd64:/usr/lib/jvm/java-1.8-openjdk/jre/../lib/amd64:/usr/java/packages/lib/amd64:/usr/lib64:/lib64:/lib:/usr/lib
[15:11:40] [main/DEBUG] [FML/]: Enabling runtime deobfuscation
[15:11:40] [main/DEBUG] [FML/]: Instantiating coremod class FMLCorePlugin
[15:11:40] [main/DEBUG] [FML/]: Added access transformer class net.minecraftforge.fml.common.asm.transformers.AccessTransformer to enqueued access transformers
[15:11:40] [main/DEBUG] [FML/]: Enqueued coremod FMLCorePlugin
[15:11:40] [main/DEBUG] [FML/]: Instantiating coremod class FMLForgePlugin
[15:11:40] [main/DEBUG] [FML/]: Enqueued coremod FMLForgePlugin
[15:11:40] [main/DEBUG] [FML/]: All fundamental core mods are successfully located
[15:11:40] [main/DEBUG] [FML/]: Attempting to load commandline specified mods, relative to /data/FeedTheBeast/.
[15:11:40] [main/DEBUG] [FML/]: Discovering coremods
[15:11:40] [main/DEBUG] [FML/]: Examining for coremod candidacy [1.10.x]FenceOverhaul-1.2.1.jar
[15:11:40] [main/DEBUG] [FML/]: Not found coremod data in [1.10.x]FenceOverhaul-1.2.1.jar
[15:11:40] [main/DEBUG] [FML/]: Examining for coremod candidacy ActuallyAdditions-1.10.2-r105.jar
[15:11:40] [main/DEBUG] [FML/]: Not found coremod data in ActuallyAdditions-1.10.2-r105.jar
[15:11:40] [main/DEBUG] [FML/]: Examining for coremod candidacy actuallycomputers-1.0.0.jar
[15:11:40] [main/DEBUG] [FML/]: Not found coremod data in actuallycomputers-1.0.0.jar
[15:11:40] [main/DEBUG] [FML/]: Examining for coremod candidacy angelRingToBauble-1.10.2-0.2.4.19+d71eb9e.jar
[15:11:40] [main/DEBUG] [FML/]: Not found coremod data in angelRingToBauble-1.10.2-0.2.4.19+d71eb9e.jar
[15:11:40] [main/DEBUG] [FML/]: Examining for coremod candidacy AppleCore-mc1.10.2-2.2.2.jar
[15:11:40] [main/TRACE] [FML/]: Found FMLCorePluginContainsFMLMod marker in AppleCore-mc1.10.2-2.2.2.jar, it will be examined later for regular @Mod instances
[15:11:40] [main/DEBUG] [FML/]: Instantiating coremod class AppleCore
[15:11:42] [main/DEBUG] [FML/]: The coremod squeek.applecore.AppleCore requested minecraft version 1.10.2 and minecraft is 1.10.2. It will be loaded.
[15:11:42] [main/DEBUG] [FML/]: Enqueued coremod AppleCore
[15:11:42] [main/DEBUG] [FML/]: Examining for coremod candidacy AppleShields-0.1.7.jar
[15:11:42] [main/DEBUG] [FML/]: Not found coremod data in AppleShields-0.1.7.jar
[15:11:42] [main/DEBUG] [FML/]: Examining for coremod candidacy AppleSkin-mc1.10.2-1.0.8.jar
[15:11:42] [main/DEBUG] [FML/]: Not found coremod data in AppleSkin-mc1.10.2-1.0.8.jar
[15:11:42] [main/DEBUG] [FML/]: Examining for coremod candidacy autopackager-1.6.4b.jar
[15:11:42] [main/DEBUG] [FML/]: Not found coremod data in autopackager-1.6.4b.jar
[15:11:42] [main/DEBUG] [FML/]: Examining for coremod candidacy AutoRegLib-1.0-2.jar
[15:11:42] [main/DEBUG] [FML/]: Not found coremod data in AutoRegLib-1.0-2.jar
[15:11:42] [main/DEBUG] [FML/]: Examining for coremod candidacy baconators-1.10.2-3.0.6.jar
[15:11:42] [main/DEBUG] [FML/]: Not found coremod data in baconators-1.10.2-3.0.6.jar
[15:11:42] [main/DEBUG] [FML/]: Examining for coremod candidacy base-1.10.2-1.4.0.jar
[15:11:42] [main/DEBUG] [FML/]: Not found coremod data in base-1.10.2-1.4.0.jar
[15:11:42] [main/DEBUG] [FML/]: Examining for coremod candidacy Baubles-1.10.2-1.3.11.jar
[15:11:42] [main/DEBUG] [FML/]: Not found coremod data in Baubles-1.10.2-1.3.11.jar
[15:11:42] [main/DEBUG] [FML/]: Examining for coremod candidacy bdlib-1.12.4.24-mc1.10.2.jar
[15:11:42] [main/DEBUG] [FML/]: Not found coremod data in bdlib-1.12.4.24-mc1.10.2.jar
[15:11:42] [main/DEBUG] [FML/]: Examining for coremod candidacy BedBugs-1.10.2-1.1.6.jar
[15:11:42] [main/DEBUG] [FML/]: Not found coremod data in BedBugs-1.10.2-1.1.6.jar
[15:11:42] [main/DEBUG] [FML/]: Examining for coremod candidacy BetterBuildersWands-1.10.2-0.11.1.220+f8232fe.jar
[15:11:42] [main/DEBUG] [FML/]: Not found coremod data in BetterBuildersWands-1.10.2-0.11.1.220+f8232fe.jar
[15:11:42] [main/DEBUG] [FML/]: Examining for coremod candidacy BetterFps-1.4.5-1.10.jar
[15:11:42] [main/INFO] [FML/]: Loading tweaker guichaguri.betterfps.tweaker.BetterFpsTweaker from BetterFps-1.4.5-1.10.jar
[15:11:42] [main/DEBUG] [FML/]: Examining for coremod candidacy BetterThanBunnies-1.10.2-1.1.0.jar
[15:11:42] [main/DEBUG] [FML/]: Not found coremod data in BetterThanBunnies-1.10.2-1.1.0.jar
[15:11:42] [main/DEBUG] [FML/]: Examining for coremod candidacy BiomeTweaker-1.10.2-2.3.239.jar
[15:11:42] [main/TRACE] [FML/]: Found FMLCorePluginContainsFMLMod marker in BiomeTweaker-1.10.2-2.3.239.jar, it will be examined later for regular @Mod instances
[15:11:42] [main/DEBUG] [FML/]: Instantiating coremod class BiomeTweakerCore
[15:11:42] [main/TRACE] [FML/]: coremod named BiomeTweakerCore is loading
[15:11:42] [main/DEBUG] [FML/]: The coremod me.superckl.biometweaker.core.BiomeTweakerCore requested minecraft version 1.10.2 and minecraft is 1.10.2. It will be loaded.
[15:11:42] [main/DEBUG] [FML/]: Enqueued coremod BiomeTweakerCore
[15:11:42] [main/DEBUG] [FML/]: Examining for coremod candidacy BlockDispenser-1.0-1.jar
[15:11:42] [main/DEBUG] [FML/]: Not found coremod data in BlockDispenser-1.0-1.jar
[15:11:42] [main/DEBUG] [FML/]: Examining for coremod candidacy BloodMagic-1.10.2-2.1.11-80.jar
[15:11:42] [main/DEBUG] [FML/]: Not found coremod data in BloodMagic-1.10.2-2.1.11-80.jar
[15:11:42] [main/DEBUG] [FML/]: Examining for coremod candidacy Bookshelf-1.10.2-1.4.4.347.jar
[15:11:42] [main/TRACE] [FML/]: Found FMLCorePluginContainsFMLMod marker in Bookshelf-1.10.2-1.4.4.347.jar, it will be examined later for regular @Mod instances
[15:11:42] [main/DEBUG] [FML/]: Instantiating coremod class BookshelfLoadingPlugin
[15:11:42] [main/DEBUG] [FML/]: The coremod net.darkhax.bookshelf.asm.BookshelfLoadingPlugin requested minecraft version 1.10.2 and minecraft is 1.10.2. It will be loaded.
[15:11:42] [main/DEBUG] [FML/]: Enqueued coremod BookshelfLoadingPlugin
[15:11:42] [main/DEBUG] [FML/]: Examining for coremod candidacy Botania r1.9-341.jar
[15:11:42] [main/DEBUG] [FML/]: Not found coremod data in Botania r1.9-341.jar
[15:11:42] [main/DEBUG] [FML/]: Examining for coremod candidacy BrandonsCore-1.10.2-2.1.12.130-universal.jar
[15:11:42] [main/TRACE] [FML/]: Found FMLCorePluginContainsFMLMod marker in BrandonsCore-1.10.2-2.1.12.130-universal.jar, it will be examined later for regular @Mod instances
[15:11:42] [main/DEBUG] [FML/]: Instantiating coremod class LoadingPlugin
[15:11:42] [main/TRACE] [FML/]: coremod named Brandon's Core is loading
[15:11:42] [main/DEBUG] [FML/]: The coremod com.brandon3055.brandonscore.asm.LoadingPlugin requested minecraft version 1.10.2 and minecraft is 1.10.2. It will be loaded.
[15:11:42] [main/DEBUG] [FML/]: Enqueued coremod Brandon's Core
[15:11:42] [main/DEBUG] [FML/]: Examining for coremod candidacy Ceramics-1.10.2-1.1.6b.jar
[15:11:42] [main/DEBUG] [FML/]: Not found coremod data in Ceramics-1.10.2-1.1.6b.jar
[15:11:42] [main/DEBUG] [FML/]: Examining for coremod candidacy Chameleon-1.10.2-2.3.0.jar
[15:11:42] [main/DEBUG] [FML/]: Not found coremod data in Chameleon-1.10.2-2.3.0.jar
[15:11:42] [main/DEBUG] [FML/]: Examining for coremod candidacy ChanceCubes-1.10.2-3.0.1.207.jar
[15:11:42] [main/DEBUG] [FML/]: Not found coremod data in ChanceCubes-1.10.2-3.0.1.207.jar
[15:11:42] [main/DEBUG] [FML/]: Examining for coremod candidacy Charset-mc1.10.2-0.3.5-fd38f2c944396214.jar
[15:11:42] [main/DEBUG] [FML/]: Not found coremod data in Charset-mc1.10.2-0.3.5-fd38f2c944396214.jar
[15:11:42] [main/DEBUG] [FML/]: Examining for coremod candidacy ChestTransporter-1.10.2-2.5.18.jar
[15:11:42] [main/DEBUG] [FML/]: Not found coremod data in ChestTransporter-1.10.2-2.5.18.jar
[15:11:42] [main/DEBUG] [FML/]: Examining for coremod candidacy ChickenChunks-1.10.2-2.2.0.52-universal.jar
[15:11:42] [main/DEBUG] [FML/]: Not found coremod data in ChickenChunks-1.10.2-2.2.0.52-universal.jar
[15:11:42] [main/DEBUG] [FML/]: Examining for coremod candidacy chickens-4.3.2.jar
[15:11:42] [main/DEBUG] [FML/]: Not found coremod data in chickens-4.3.2.jar
[15:11:42] [main/DEBUG] [FML/]: Examining for coremod candidacy Chisel-MC1.10.2-0.0.14.33.jar
[15:11:42] [main/DEBUG] [FML/]: Not found coremod data in Chisel-MC1.10.2-0.0.14.33.jar
[15:11:42] [main/DEBUG] [FML/]: Examining for coremod candidacy chiselsandbits-12.15.jar
[15:11:42] [main/DEBUG] [FML/]: Not found coremod data in chiselsandbits-12.15.jar
[15:11:42] [main/DEBUG] [FML/]: Examining for coremod candidacy ClientTweaks_1.10.2-1.1.16.jar
[15:11:42] [main/DEBUG] [FML/]: Not found coremod data in ClientTweaks_1.10.2-1.1.16.jar
[15:11:42] [main/DEBUG] [FML/]: Examining for coremod candidacy Clipboard-1.10.2-1.1.1.jar
[15:11:42] [main/DEBUG] [FML/]: Not found coremod data in Clipboard-1.10.2-1.1.1.jar
[15:11:42] [main/DEBUG] [FML/]: Examining for coremod candidacy Clumps-1.0.5.jar
[15:11:42] [main/DEBUG] [FML/]: Not found coremod data in Clumps-1.0.5.jar
[15:11:42] [main/DEBUG] [FML/]: Examining for coremod candidacy CodeChickenCore-1.10.2-2.4.1.102-universal.jar
[15:11:42] [main/DEBUG] [FML/]: Not found coremod data in CodeChickenCore-1.10.2-2.4.1.102-universal.jar
[15:11:42] [main/DEBUG] [FML/]: Examining for coremod candidacy CodeChickenLib-1.10.2-2.5.9.283-universal.jar
[15:11:42] [main/TRACE] [FML/]: Found FMLCorePluginContainsFMLMod marker in CodeChickenLib-1.10.2-2.5.9.283-universal.jar, it will be examined later for regular @Mod instances
[15:11:42] [main/DEBUG] [FML/]: Instantiating coremod class CCLCorePlugin
[15:11:42] [main/WARN] [FML/]: The coremod codechicken.lib.asm.CCLCorePlugin does not have a MCVersion annotation, it may cause issues with this version of Minecraft
[15:11:42] [main/DEBUG] [FML/]: Enqueued coremod CCLCorePlugin
[15:11:42] [main/DEBUG] [FML/]: Examining for coremod candidacy ColossalChests-1.10.2-1.6.0.jar
[15:11:42] [main/DEBUG] [FML/]: Not found coremod data in ColossalChests-1.10.2-1.6.0.jar
[15:11:42] [main/DEBUG] [FML/]: Examining for coremod candidacy CommonCapabilities-1.9.4-1.3.3.jar
[15:11:42] [main/DEBUG] [FML/]: Not found coremod data in CommonCapabilities-1.9.4-1.3.3.jar
[15:11:42] [main/DEBUG] [FML/]: Examining for coremod candidacy compatlayer-1.10-0.2.9.jar
[15:11:42] [main/DEBUG] [FML/]: Not found coremod data in compatlayer-1.10-0.2.9.jar
[15:11:42] [main/DEBUG] [FML/]: Examining for coremod candidacy Controlling-1.0.5.jar
[15:11:42] [main/DEBUG] [FML/]: Not found coremod data in Controlling-1.0.5.jar
[15:11:42] [main/DEBUG] [FML/]: Examining for coremod candidacy CookingForBlockheads_1.10.2-4.2.45.jar
[15:11:42] [main/DEBUG] [FML/]: Not found coremod data in CookingForBlockheads_1.10.2-4.2.45.jar
[15:11:42] [main/DEBUG] [FML/]: Examining for coremod candidacy CraftTweaker-1.10.2-3.0.26.jar
[15:11:42] [main/DEBUG] [FML/]: Not found coremod data in CraftTweaker-1.10.2-3.0.26.jar
[15:11:42] [main/DEBUG] [FML/]: Examining for coremod candidacy CTM-MC1.10.2-0.2.2.24.jar
[15:11:42] [main/TRACE] [FML/]: Found FMLCorePluginContainsFMLMod marker in CTM-MC1.10.2-0.2.2.24.jar, it will be examined later for regular @Mod instances
[15:11:42] [main/DEBUG] [FML/]: Instantiating coremod class CTMCorePlugin
[15:11:42] [main/WARN] [FML/]: The coremod team.chisel.ctm.client.asm.CTMCorePlugin does not have a MCVersion annotation, it may cause issues with this version of Minecraft
[15:11:42] [main/DEBUG] [FML/]: Enqueued coremod CTMCorePlugin
[15:11:42] [main/DEBUG] [FML/]: Examining for coremod candidacy CustomMainMenu-MC1.10.2-2.0.5.jar
[15:11:42] [main/DEBUG] [FML/]: Not found coremod data in CustomMainMenu-MC1.10.2-2.0.5.jar
[15:11:42] [main/DEBUG] [FML/]: Examining for coremod candidacy CyclopsCore-1.9.4-0.10.9.jar
[15:11:42] [main/DEBUG] [FML/]: Not found coremod data in CyclopsCore-1.9.4-0.10.9.jar
[15:11:42] [main/DEBUG] [FML/]: Examining for coremod candidacy DarkUtilities-1.1.8.finalrc2.jar
[15:11:42] [main/DEBUG] [FML/]: Not found coremod data in DarkUtilities-1.1.8.finalrc2.jar
[15:11:42] [main/DEBUG] [FML/]: Examining for coremod candidacy Decocraft-2.4.2_1.10.2.jar
[15:11:42] [main/DEBUG] [FML/]: Not found coremod data in Decocraft-2.4.2_1.10.2.jar
[15:11:42] [main/DEBUG] [FML/]: Examining for coremod candidacy DefaultOptions_1.10.2-6.1.5.jar
[15:11:42] [main/TRACE] [FML/]: Found FMLCorePluginContainsFMLMod marker in DefaultOptions_1.10.2-6.1.5.jar, it will be examined later for regular @Mod instances
[15:11:42] [main/DEBUG] [FML/]: Instantiating coremod class DefaultOptionsLoadingPlugin
[15:11:42] [main/TRACE] [FML/]: coremod named Default Options is loading
[15:11:42] [main/DEBUG] [FML/]: The coremod net.blay09.mods.defaultoptions.coremod.DefaultOptionsLoadingPlugin requested minecraft version 1.10.2 and minecraft is 1.10.2. It will be loaded.
[15:11:42] [main/DEBUG] [FML/]: Enqueued coremod Default Options
[15:11:42] [main/DEBUG] [FML/]: Examining for coremod candidacy dimensionalcake-1.9.4-0.0.1.jar
[15:11:42] [main/DEBUG] [FML/]: Not found coremod data in dimensionalcake-1.9.4-0.0.1.jar
[15:11:42] [main/DEBUG] [FML/]: Examining for coremod candidacy Draconic-Evolution-1.10.2-2.1.6.263-universal.jar
[15:11:42] [main/DEBUG] [FML/]: Not found coremod data in Draconic-Evolution-1.10.2-2.1.6.263-universal.jar
[15:11:42] [main/DEBUG] [FML/]: Examining for coremod candidacy DragonMounts-r46-1.10.2.jar
[15:11:42] [main/DEBUG] [FML/]: Not found coremod data in DragonMounts-r46-1.10.2.jar
[15:11:42] [main/DEBUG] [FML/]: Examining for coremod candidacy DrawersBits-1.10.2-0.36.jar
[15:11:42] [main/DEBUG] [FML/]: Not found coremod data in DrawersBits-1.10.2-0.36.jar
[15:11:42] [main/DEBUG] [FML/]: Examining for coremod candidacy ElevatorMod[V.1.3.0][MC.1.10.2].jar
[15:11:42] [main/DEBUG] [FML/]: Not found coremod data in ElevatorMod[V.1.3.0][MC.1.10.2].jar
[15:11:42] [main/DEBUG] [FML/]: Examining for coremod candidacy EnderCore-1.10.2-0.4.1.66-beta.jar
[15:11:42] [main/TRACE] [FML/]: Found FMLCorePluginContainsFMLMod marker in EnderCore-1.10.2-0.4.1.66-beta.jar, it will be examined later for regular @Mod instances
[15:11:42] [main/DEBUG] [FML/]: Instantiating coremod class EnderCorePlugin
[15:11:42] [main/DEBUG] [FML/]: The coremod com.enderio.core.common.transform.EnderCorePlugin requested minecraft version 1.10.2 and minecraft is 1.10.2. It will be loaded.
[15:11:42] [main/DEBUG] [FML/]: Enqueued coremod EnderCorePlugin
[15:11:42] [main/DEBUG] [FML/]: Examining for coremod candidacy EnderIO-1.10.2-3.1.193.jar
[15:11:42] [main/DEBUG] [FML/]: Not found coremod data in EnderIO-1.10.2-3.1.193.jar
[15:11:42] [main/DEBUG] [FML/]: Examining for coremod candidacy EnderStorage-1.10.2-2.2.1.106-universal.jar
[15:11:42] [main/DEBUG] [FML/]: Not found coremod data in EnderStorage-1.10.2-2.2.1.106-universal.jar
[15:11:42] [main/DEBUG] [FML/]: Examining for coremod candidacy energyconverters_1.10.2-1.0.0.26.jar
[15:11:42] [main/DEBUG] [FML/]: Not found coremod data in energyconverters_1.10.2-1.0.0.26.jar
[15:11:42] [main/DEBUG] [FML/]: Examining for coremod candidacy EngineersWorkshop-1.3.6-1.10.2.jar
[15:11:42] [main/DEBUG] [FML/]: Not found coremod data in EngineersWorkshop-1.3.6-1.10.2.jar
[15:11:42] [main/DEBUG] [FML/]: Examining for coremod candidacy environmentaltech-1.10.2-0.10.6b.jar
[15:11:42] [main/DEBUG] [FML/]: Not found coremod data in environmentaltech-1.10.2-0.10.6b.jar
[15:11:42] [main/DEBUG] [FML/]: Examining for coremod candidacy etlunar-1.10.2-0.10.6a.jar
[15:11:42] [main/DEBUG] [FML/]: Not found coremod data in etlunar-1.10.2-0.10.6a.jar
[15:11:42] [main/DEBUG] [FML/]: Examining for coremod candidacy ExCompressum_1.10.2-2.0.97.jar
[15:11:42] [main/DEBUG] [FML/]: Not found coremod data in ExCompressum_1.10.2-2.0.97.jar
[15:11:42] [main/DEBUG] [FML/]: Examining for coremod candidacy exnihiloadscensio-1.10.2-0.1.20.jar
[15:11:42] [main/DEBUG] [FML/]: Not found coremod data in exnihiloadscensio-1.10.2-0.1.20.jar
[15:11:42] [main/DEBUG] [FML/]: Examining for coremod candidacy ExtraBitManipulation-1.10.2-2.5.1.jar
[15:11:42] [main/DEBUG] [FML/]: Not found coremod data in ExtraBitManipulation-1.10.2-2.5.1.jar
[15:11:42] [main/DEBUG] [FML/]: Examining for coremod candidacy extrautils2-1.10.2-1.6.3.jar
[15:11:42] [main/DEBUG] [FML/]: Not found coremod data in extrautils2-1.10.2-1.6.3.jar
[15:11:42] [main/DEBUG] [FML/]: Examining for coremod candidacy ExtremeReactors-1.10.2-0.4.5.30.jar
[15:11:42] [main/DEBUG] [FML/]: Not found coremod data in ExtremeReactors-1.10.2-0.4.5.30.jar
[15:11:42] [main/DEBUG] [FML/]: Examining for coremod candidacy fairylights-2.1.2-1.10.2.jar
[15:11:42] [main/DEBUG] [FML/]: Not found coremod data in fairylights-2.1.2-1.10.2.jar
[15:11:42] [main/DEBUG] [FML/]: Examining for coremod candidacy FarmingForBlockheads_1.10.2-1.1.16.jar
[15:11:42] [main/DEBUG] [FML/]: Not found coremod data in FarmingForBlockheads_1.10.2-1.1.16.jar
[15:11:42] [main/DEBUG] [FML/]: Examining for coremod candidacy flatcoloredblocks-mc1.10-v4.4.jar
[15:11:42] [main/DEBUG] [FML/]: Not found coremod data in flatcoloredblocks-mc1.10-v4.4.jar
[15:11:42] [main/DEBUG] [FML/]: Examining for coremod candidacy FluxNetworks-1.10.2-1.2.8.jar
[15:11:42] [main/DEBUG] [FML/]: Not found coremod data in FluxNetworks-1.10.2-1.2.8.jar
[15:11:42] [main/DEBUG] [FML/]: Examining for coremod candidacy foamfix-0.7.2-anarchy.jar
[15:11:42] [main/TRACE] [FML/]: Found FMLCorePluginContainsFMLMod marker in foamfix-0.7.2-anarchy.jar, it will be examined later for regular @Mod instances
[15:11:42] [main/DEBUG] [FML/]: Instantiating coremod class FoamFixCore
[15:11:42] [main/TRACE] [FML/]: coremod named Do not report to Forge! Remove FoamFixAPI (or replace with FoamFixAPI-Lawful) and try again. is loading
[15:11:42] [main/WARN] [FML/]: The coremod pl.asie.foamfix.coremod.FoamFixCore does not have a MCVersion annotation, it may cause issues with this version of Minecraft
[15:11:42] [main/DEBUG] [FML/]: Added access transformer class pl.asie.foamfix.coremod.FoamFixAT to enqueued access transformers
[15:11:42] [main/DEBUG] [FML/]: Enqueued coremod Do not report to Forge! Remove FoamFixAPI (or replace with FoamFixAPI-Lawful) and try again.
[15:11:42] [main/DEBUG] [FML/]: Examining for coremod candidacy Forgelin-1.5.1.jar
[15:11:42] [main/TRACE] [FML/]: Found FMLCorePluginContainsFMLMod marker in Forgelin-1.5.1.jar, it will be examined later for regular @Mod instances
[15:11:42] [main/DEBUG] [FML/]: Instantiating coremod class ForgelinPlugin
[15:11:42] [main/WARN] [FML/]: The coremod net.shadowfacts.forgelin.preloader.ForgelinPlugin does not have a MCVersion annotation, it may cause issues with this version of Minecraft
[15:11:42] [main/DEBUG] [FML/]: Enqueued coremod ForgelinPlugin
[15:11:42] [main/DEBUG] [FML/]: Examining for coremod candidacy FTBLib-1.1x-3.6.5.jar
[15:11:42] [main/DEBUG] [FML/]: Not found coremod data in FTBLib-1.1x-3.6.5.jar
[15:11:42] [main/DEBUG] [FML/]: Examining for coremod candidacy FTBUtilities-1.1x-3.6.5.jar
[15:11:42] [main/DEBUG] [FML/]: Not found coremod data in FTBUtilities-1.1x-3.6.5.jar
[15:11:42] [main/DEBUG] [FML/]: Examining for coremod candidacy FullscreenWindowed-1.10.2-1.5.1.jar
[15:11:42] [main/DEBUG] [FML/]: Not found coremod data in FullscreenWindowed-1.10.2-1.5.1.jar
[15:11:42] [main/DEBUG] [FML/]: Examining for coremod candidacy Funnels-1.10.2-1.1.2.jar
[15:11:42] [main/DEBUG] [FML/]: Not found coremod data in Funnels-1.10.2-1.1.2.jar
[15:11:42] [main/DEBUG] [FML/]: Examining for coremod candidacy GardenOfGlass.jar
[15:11:42] [main/DEBUG] [FML/]: Not found coremod data in GardenOfGlass.jar
[15:11:42] [main/DEBUG] [FML/]: Examining for coremod candidacy generators-0.9.20.23-mc1.10.2.jar
[15:11:42] [main/DEBUG] [FML/]: Not found coremod data in generators-0.9.20.23-mc1.10.2.jar
[15:11:42] [main/DEBUG] [FML/]: Examining for coremod candidacy GooglyEyes-1.10.2-6.0.0.jar
[15:11:42] [main/DEBUG] [FML/]: Not found coremod data in GooglyEyes-1.10.2-6.0.0.jar
[15:11:42] [main/DEBUG] [FML/]: Examining for coremod candidacy gravestone-1.5.13.jar
[15:11:42] [main/DEBUG] [FML/]: Not found coremod data in gravestone-1.5.13.jar
[15:11:42] [main/DEBUG] [FML/]: Examining for coremod candidacy Grue-1.9.4-1.3.5.jar
[15:11:42] [main/DEBUG] [FML/]: Not found coremod data in Grue-1.9.4-1.3.5.jar
[15:11:42] [main/DEBUG] [FML/]: Examining for coremod candidacy Guide-API-1.10.2-2.0.3-46.jar
[15:11:42] [main/DEBUG] [FML/]: Not found coremod data in Guide-API-1.10.2-2.0.3-46.jar
[15:11:42] [main/DEBUG] [FML/]: Examining for coremod candidacy Gyth-1.10.2-2.0.0.27.jar
[15:11:42] [main/DEBUG] [FML/]: Not found coremod data in Gyth-1.10.2-2.0.0.27.jar
[15:11:42] [main/DEBUG] [FML/]: Examining for coremod candidacy HammerCore-1.10.2-1.9.4.3.jar
[15:11:42] [main/TRACE] [FML/]: Found FMLCorePluginContainsFMLMod marker in HammerCore-1.10.2-1.9.4.3.jar, it will be examined later for regular @Mod instances
[15:11:42] [main/DEBUG] [FML/]: Instantiating coremod class HammerCoreCore
[15:11:42] [main/WARN] [FML/]: The coremod com.pengu.hammercore.asm.HammerCoreCore does not have a MCVersion annotation, it may cause issues with this version of Minecraft
[15:11:42] [main/DEBUG] [FML/]: Enqueued coremod HammerCoreCore
[15:11:42] [main/DEBUG] [FML/]: Examining for coremod candidacy hatchery-1.10.2-0.3.21.jar
[15:11:42] [main/DEBUG] [FML/]: Not found coremod data in hatchery-1.10.2-0.3.21.jar
[15:11:42] [main/DEBUG] [FML/]: Examining for coremod candidacy Headcrumbs-2.0.3.jar
[15:11:42] [main/DEBUG] [FML/]: Not found coremod data in Headcrumbs-2.0.3.jar
[15:11:42] [main/DEBUG] [FML/]: Examining for coremod candidacy hopperducts-mc1.9.4-1.4.8.1.jar
[15:11:42] [main/DEBUG] [FML/]: Not found coremod data in hopperducts-mc1.9.4-1.4.8.1.jar
[15:11:42] [main/DEBUG] [FML/]: Examining for coremod candidacy Hwyla-1.8.17-B31_1.10.2.jar
[15:11:42] [main/DEBUG] [FML/]: Not found coremod data in Hwyla-1.8.17-B31_1.10.2.jar
[15:11:42] [main/DEBUG] [FML/]: Examining for coremod candidacy hydrogel-0.9.jar
[15:11:42] [main/DEBUG] [FML/]: Not found coremod data in hydrogel-0.9.jar
[15:11:42] [main/DEBUG] [FML/]: Examining for coremod candidacy ImmersiveEngineering-0.10-61.jar
[15:11:42] [main/DEBUG] [FML/]: Not found coremod data in ImmersiveEngineering-0.10-61.jar
[15:11:42] [main/DEBUG] [FML/]: Examining for coremod candidacy InGameInfoXML-1.10.2-2.8.1.89-universal.jar
[15:11:42] [main/DEBUG] [FML/]: Not found coremod data in InGameInfoXML-1.10.2-2.8.1.89-universal.jar
[15:11:42] [main/DEBUG] [FML/]: Examining for coremod candidacy InitialInventory-1.0.1.jar
[15:11:42] [main/DEBUG] [FML/]: Not found coremod data in InitialInventory-1.0.1.jar
[15:11:42] [main/DEBUG] [FML/]: Examining for coremod candidacy IntegratedDynamics-1.10.2-0.7.12.jar
[15:11:42] [main/DEBUG] [FML/]: Not found coremod data in IntegratedDynamics-1.10.2-0.7.12.jar
[15:11:42] [main/DEBUG] [FML/]: Examining for coremod candidacy IntegratedTunnels-1.10.2-1.2.5.jar
[15:11:42] [main/DEBUG] [FML/]: Not found coremod data in IntegratedTunnels-1.10.2-1.2.5.jar
[15:11:42] [main/DEBUG] [FML/]: Examining for coremod candidacy inventorysorter-1.10.2-0.11.0+47.jar
[15:11:42] [main/DEBUG] [FML/]: Not found coremod data in inventorysorter-1.10.2-0.11.0+47.jar
[15:11:42] [main/DEBUG] [FML/]: Examining for coremod candidacy IronBackpacks-1.10.2-2.2.31.jar
[15:11:42] [main/DEBUG] [FML/]: Not found coremod data in IronBackpacks-1.10.2-2.2.31.jar
[15:11:42] [main/DEBUG] [FML/]: Examining for coremod candidacy ironchest-1.10.2-7.0.15.804.jar
[15:11:42] [main/DEBUG] [FML/]: Not found coremod data in ironchest-1.10.2-7.0.15.804.jar
[15:11:42] [main/DEBUG] [FML/]: Examining for coremod candidacy ItsBecauseUHasNoGoodSpawn-1.0.5.jar
[15:11:42] [main/DEBUG] [FML/]: Not found coremod data in ItsBecauseUHasNoGoodSpawn-1.0.5.jar
[15:11:42] [main/DEBUG] [FML/]: Examining for coremod candidacy itsrainingfood-1.10.2-0.1.0.jar
[15:11:42] [main/DEBUG] [FML/]: Not found coremod data in itsrainingfood-1.10.2-0.1.0.jar
[15:11:42] [main/DEBUG] [FML/]: Examining for coremod candidacy jei_1.10.2-3.14.7.420.jar
[15:11:42] [main/DEBUG] [FML/]: Not found coremod data in jei_1.10.2-3.14.7.420.jar
[15:11:42] [main/DEBUG] [FML/]: Examining for coremod candidacy journeymap-1.10.2-5.5.0b4.jar
[15:11:42] [main/DEBUG] [FML/]: Not found coremod data in journeymap-1.10.2-5.5.0b4.jar
[15:11:42] [main/DEBUG] [FML/]: Examining for coremod candidacy KleeSlabs_1.10.2-3.3.5.jar
[15:11:42] [main/DEBUG] [FML/]: Not found coremod data in KleeSlabs_1.10.2-3.3.5.jar
[15:11:42] [main/DEBUG] [FML/]: Examining for coremod candidacy literalascension-1.10.2-1.0.2.2.jar
[15:11:42] [main/TRACE] [FML/]: Found FMLCorePluginContainsFMLMod marker in literalascension-1.10.2-1.0.2.2.jar, it will be examined later for regular @Mod instances
[15:11:42] [main/DEBUG] [FML/]: Instantiating coremod class LiteralAscensionPlugin
[15:11:42] [main/TRACE] [FML/]: coremod named literalascension is loading
[15:11:42] [main/DEBUG] [FML/]: The coremod com.jamieswhiteshirt.literalascension.core.plugin.LiteralAscensionPlugin requested minecraft version 1.10.2 and minecraft is 1.10.2. It will be loaded.
[15:11:42] [main/DEBUG] [FML/]: Enqueued coremod literalascension
[15:11:42] [main/DEBUG] [FML/]: Examining for coremod candidacy llibrary-1.7.7-1.10.2.jar
[15:11:42] [main/TRACE] [FML/]: Found FMLCorePluginContainsFMLMod marker in llibrary-1.7.7-1.10.2.jar, it will be examined later for regular @Mod instances
[15:11:42] [main/DEBUG] [FML/]: Instantiating coremod class LLibraryPlugin
[15:11:42] [main/TRACE] [FML/]: coremod named llibrary is loading
[15:11:42] [main/DEBUG] [FML/]: The coremod net.ilexiconn.llibrary.server.core.plugin.LLibraryPlugin requested minecraft version 1.10.2 and minecraft is 1.10.2. It will be loaded.
[15:11:42] [main/DEBUG] [FML/]: Enqueued coremod llibrary
[15:11:42] [main/DEBUG] [FML/]: Examining for coremod candidacy LongFallBoots - Hard Mode.jar
[15:11:42] [main/DEBUG] [FML/]: Not found coremod data in LongFallBoots - Hard Mode.jar
[15:11:42] [main/DEBUG] [FML/]: Examining for coremod candidacy LootBags-1.10.2-2.3.9.jar
[15:11:42] [main/DEBUG] [FML/]: Not found coremod data in LootBags-1.10.2-2.3.9.jar
[15:11:42] [main/DEBUG] [FML/]: Examining for coremod candidacy LunatriusCore-1.10.2-1.1.2.38-universal.jar
[15:11:42] [main/DEBUG] [FML/]: Not found coremod data in LunatriusCore-1.10.2-1.1.2.38-universal.jar
[15:11:42] [main/DEBUG] [FML/]: Examining for coremod candidacy Mantle-1.10.2-1.1.5.jar
[15:11:42] [main/DEBUG] [FML/]: Not found coremod data in Mantle-1.10.2-1.1.5.jar
[15:11:42] [main/DEBUG] [FML/]: Examining for coremod candidacy mcjtylib-1.1x-2.4.3.jar
[15:11:42] [main/DEBUG] [FML/]: Not found coremod data in mcjtylib-1.1x-2.4.3.jar
[15:11:42] [main/DEBUG] [FML/]: Examining for coremod candidacy MCMultiPart-1.4.0-universal.jar
[15:11:42] [main/DEBUG] [FML/]: Not found coremod data in MCMultiPart-1.4.0-universal.jar
[15:11:42] [main/DEBUG] [FML/]: Examining for coremod candidacy Mercurius-1.10.2-1.0.6.jar
[15:11:42] [main/DEBUG] [FML/]: Not found coremod data in Mercurius-1.10.2-1.0.6.jar
[15:11:42] [main/DEBUG] [FML/]: Examining for coremod candidacy MineMenu-1.10.2-1.4.5-universal.jar
[15:11:42] [main/DEBUG] [FML/]: Not found coremod data in MineMenu-1.10.2-1.4.5-universal.jar
[15:11:42] [main/DEBUG] [FML/]: Examining for coremod candidacy minicoal-1.1.0.jar
[15:11:42] [main/DEBUG] [FML/]: Not found coremod data in minicoal-1.1.0.jar
[15:11:42] [main/DEBUG] [FML/]: Examining for coremod candidacy missing_pieces-1.10.2-4.3.0.jar
[15:11:42] [main/DEBUG] [FML/]: Not found coremod data in missing_pieces-1.10.2-4.3.0.jar
[15:11:42] [main/DEBUG] [FML/]: Examining for coremod candidacy MoarSigns-1.10.2-4.2.3.9.jar
[15:11:42] [main/DEBUG] [FML/]: Not found coremod data in MoarSigns-1.10.2-4.2.3.9.jar
[15:11:42] [main/DEBUG] [FML/]: Examining for coremod candidacy MobGrindingUtils-0.1.8.22.jar
[15:11:42] [main/DEBUG] [FML/]: Not found coremod data in MobGrindingUtils-0.1.8.22.jar
[15:11:42] [main/DEBUG] [FML/]: Examining for coremod candidacy ModTweaker2-2.0.13.jar
[15:11:42] [main/DEBUG] [FML/]: Not found coremod data in ModTweaker2-2.0.13.jar
[15:11:42] [main/DEBUG] [FML/]: Examining for coremod candidacy MoreChickens-1.10.2-1.1.6.jar
[15:11:42] [main/DEBUG] [FML/]: Not found coremod data in MoreChickens-1.10.2-1.1.6.jar
[15:11:42] [main/DEBUG] [FML/]: Examining for coremod candidacy MoreShearables1.2.1-1.10.2.jar
[15:11:42] [main/DEBUG] [FML/]: Not found coremod data in MoreShearables1.2.1-1.10.2.jar
[15:11:42] [main/DEBUG] [FML/]: Examining for coremod candidacy moreshears-1.10.2-1.0.5-release.jar
[15:11:42] [main/DEBUG] [FML/]: Not found coremod data in moreshears-1.10.2-1.0.5-release.jar
[15:11:42] [main/DEBUG] [FML/]: Examining for coremod candidacy Morpheus-1.10.2-3.1.13.jar
[15:11:42] [main/DEBUG] [FML/]: Not found coremod data in Morpheus-1.10.2-3.1.13.jar
[15:11:42] [main/DEBUG] [FML/]: Examining for coremod candidacy MouseTweaks-2.8-mc1.10.2.jar
[15:11:42] [main/DEBUG] [FML/]: Not found coremod data in MouseTweaks-2.8-mc1.10.2.jar
[15:11:42] [main/DEBUG] [FML/]: Examining for coremod candidacy mpbasic-1.10.2-1.1.5.jar
[15:11:42] [main/DEBUG] [FML/]: Not found coremod data in mpbasic-1.10.2-1.1.5.jar
[15:11:42] [main/DEBUG] [FML/]: Examining for coremod candidacy mputils-1.10.2-1.2.9.jar
[15:11:42] [main/DEBUG] [FML/]: Not found coremod data in mputils-1.10.2-1.2.9.jar
[15:11:42] [main/DEBUG] [FML/]: Examining for coremod candidacy MTLib-1.0.3.jar
[15:11:42] [main/DEBUG] [FML/]: Not found coremod data in MTLib-1.0.3.jar
[15:11:42] [main/DEBUG] [FML/]: Examining for coremod candidacy mysticalagriculture[1.10.2]-1.5.8.jar
[15:11:42] [main/DEBUG] [FML/]: Not found coremod data in mysticalagriculture[1.10.2]-1.5.8.jar
[15:11:42] [main/DEBUG] [FML/]: Examining for coremod candidacy natura-1.10.2-4.1.0.80.jar
[15:11:42] [main/DEBUG] [FML/]: Not found coremod data in natura-1.10.2-4.1.0.80.jar
[15:11:42] [main/DEBUG] [FML/]: Examining for coremod candidacy Neat 1.3-12.jar
[15:11:42] [main/DEBUG] [FML/]: Not found coremod data in Neat 1.3-12.jar
[15:11:42] [main/DEBUG] [FML/]: Examining for coremod candidacy nice-0.1.0.jar
[15:11:42] [main/DEBUG] [FML/]: Not found coremod data in nice-0.1.0.jar
[15:11:42] [main/DEBUG] [FML/]: Examining for coremod candidacy NotEnoughItems-1.10.2-2.1.3.220-universal.jar
[15:11:42] [main/TRACE] [FML/]: Adding NotEnoughItems-1.10.2-2.1.3.220-universal.jar to the list of known coremods, it will not be examined again
[15:11:42] [main/DEBUG] [FML/]: Instantiating coremod class NEICorePlugin
[15:11:42] [main/WARN] [FML/]: The coremod codechicken.nei.asm.NEICorePlugin does not have a MCVersion annotation, it may cause issues with this version of Minecraft
[15:11:42] [main/DEBUG] [FML/]: Enqueued coremod NEICorePlugin
[15:11:42] [main/DEBUG] [FML/]: Examining for coremod candidacy notenoughwands-1.1x-1.5.5.jar
[15:11:42] [main/DEBUG] [FML/]: Not found coremod data in notenoughwands-1.1x-1.5.5.jar
[15:11:42] [main/DEBUG] [FML/]: Examining for coremod candidacy OpenComputers-MC1.10.2-1.6.2.7.jar
[15:11:42] [main/TRACE] [FML/]: Found FMLCorePluginContainsFMLMod marker in OpenComputers-MC1.10.2-1.6.2.7.jar, it will be examined later for regular @Mod instances
[15:11:42] [main/DEBUG] [FML/]: Instantiating coremod class TransformerLoader
[15:11:42] [main/DEBUG] [FML/]: The coremod li.cil.oc.common.launch.TransformerLoader requested minecraft version 1.10.2 and minecraft is 1.10.2. It will be loaded.
[15:11:42] [main/DEBUG] [FML/]: Enqueued coremod TransformerLoader
[15:11:42] [main/DEBUG] [FML/]: Examining for coremod candidacy OreExcavation-1.2.102.jar
[15:11:42] [main/DEBUG] [FML/]: Not found coremod data in OreExcavation-1.2.102.jar
[15:11:42] [main/DEBUG] [FML/]: Examining for coremod candidacy PackingTape-1.10.2-0.6.0.jar
[15:11:42] [main/DEBUG] [FML/]: Not found coremod data in PackingTape-1.10.2-0.6.0.jar
[15:11:42] [main/DEBUG] [FML/]: Examining for coremod candidacy Pam's HarvestCraft 1.9.4-1.10.2h.jar
[15:11:42] [main/DEBUG] [FML/]: Not found coremod data in Pam's HarvestCraft 1.9.4-1.10.2h.jar
[15:11:42] [main/DEBUG] [FML/]: Examining for coremod candidacy platforms-1.10.0-1.2.10.jar
[15:11:42] [main/DEBUG] [FML/]: Not found coremod data in platforms-1.10.0-1.2.10.jar
[15:11:42] [main/DEBUG] [FML/]: Examining for coremod candidacy Psi-r1.0-42.jar
[15:11:42] [main/DEBUG] [FML/]: Not found coremod data in Psi-r1.0-42.jar
[15:11:42] [main/DEBUG] [FML/]: Examining for coremod candidacy QuantumStorage-1.10.2-3.3.6.jar
[15:11:42] [main/DEBUG] [FML/]: Not found coremod data in QuantumStorage-1.10.2-3.3.6.jar
[15:11:42] [main/DEBUG] [FML/]: Examining for coremod candidacy RandomThings-MC1.10.2-3.7.7.1.jar
[15:11:42] [main/TRACE] [FML/]: Found FMLCorePluginContainsFMLMod marker in RandomThings-MC1.10.2-3.7.7.1.jar, it will be examined later for regular @Mod instances
[15:11:42] [main/DEBUG] [FML/]: Instantiating coremod class LoadingPlugin
[15:11:42] [main/WARN] [FML/]: The coremod lumien.randomthings.asm.LoadingPlugin does not have a MCVersion annotation, it may cause issues with this version of Minecraft
[15:11:42] [main/DEBUG] [FML/]: Enqueued coremod LoadingPlugin
[15:11:42] [main/DEBUG] [FML/]: Examining for coremod candidacy rangedpumps-0.3.jar
[15:11:42] [main/DEBUG] [FML/]: Not found coremod data in rangedpumps-0.3.jar
[15:11:42] [main/DEBUG] [FML/]: Examining for coremod candidacy RebornCore-1.10.2-2.13.6.142-universal.jar
[15:11:42] [main/TRACE] [FML/]: Found FMLCorePluginContainsFMLMod marker in RebornCore-1.10.2-2.13.6.142-universal.jar, it will be examined later for regular @Mod instances
[15:11:42] [main/DEBUG] [FML/]: Instantiating coremod class MixinForgeLoadingCore
[15:11:42] [main/TRACE] [FML/]: coremod named RebornCoreASM is loading
[15:11:42] [main/DEBUG] [FML/]: The coremod reborncore.mixin.implementations.forge.MixinForgeLoadingCore requested minecraft version 1.10.2 and minecraft is 1.10.2. It will be loaded.
[15:11:42] [main/DEBUG] [FML/]: Enqueued coremod RebornCoreASM
[15:11:42] [main/DEBUG] [FML/]: Examining for coremod candidacy RebornStorage-1.10.2-1.0.3.30.jar
[15:11:42] [main/DEBUG] [FML/]: Not found coremod data in RebornStorage-1.10.2-1.0.3.30.jar
[15:11:42] [main/DEBUG] [FML/]: Examining for coremod candidacy redstonepaste-mc1.9.4-1.7.4.jar
[15:11:42] [main/TRACE] [FML/]: Found FMLCorePluginContainsFMLMod marker in redstonepaste-mc1.9.4-1.7.4.jar, it will be examined later for regular @Mod instances
[15:11:42] [main/DEBUG] [FML/]: Instantiating coremod class NWRTweak
[15:11:42] [main/WARN] [FML/]: The coremod net.fybertech.nwr.NWRTweak does not have a MCVersion annotation, it may cause issues with this version of Minecraft
[15:11:42] [main/DEBUG] [FML/]: Enqueued coremod NWRTweak
[15:11:42] [main/DEBUG] [FML/]: Examining for coremod candidacy refinedstorage-1.2.26.jar
[15:11:42] [main/DEBUG] [FML/]: Not found coremod data in refinedstorage-1.2.26.jar
[15:11:42] [main/DEBUG] [FML/]: Examining for coremod candidacy Reliquia-[1.10.2]-0.0.7.jar
[15:11:42] [main/DEBUG] [FML/]: Not found coremod data in Reliquia-[1.10.2]-0.0.7.jar
[15:11:42] [main/DEBUG] [FML/]: Examining for coremod candidacy ResourceLoader-MC1.9.4-1.5.1.jar
[15:11:42] [main/TRACE] [FML/]: Found FMLCorePluginContainsFMLMod marker in ResourceLoader-MC1.9.4-1.5.1.jar, it will be examined later for regular @Mod instances
[15:11:42] [main/DEBUG] [FML/]: Instantiating coremod class LoadingPlugin
[15:11:42] [main/WARN] [FML/]: The coremod lumien.resourceloader.asm.LoadingPlugin does not have a MCVersion annotation, it may cause issues with this version of Minecraft
[15:11:42] [main/DEBUG] [FML/]: Enqueued coremod LoadingPlugin
[15:11:42] [main/DEBUG] [FML/]: Examining for coremod candidacy rftools-1.1x-6.13.jar
[15:11:42] [main/DEBUG] [FML/]: Not found coremod data in rftools-1.1x-6.13.jar
[15:11:42] [main/DEBUG] [FML/]: Examining for coremod candidacy rftoolsctrl-1.1x-1.6.8.jar
[15:11:42] [main/DEBUG] [FML/]: Not found coremod data in rftoolsctrl-1.1x-1.6.8.jar
[15:11:42] [main/DEBUG] [FML/]: Examining for coremod candidacy rftoolsdim-1.1x-5.05.jar
[15:11:42] [main/DEBUG] [FML/]: Not found coremod data in rftoolsdim-1.1x-5.05.jar
[15:11:42] [main/DEBUG] [FML/]: Examining for coremod candidacy roots-0.208.jar
[15:11:42] [main/DEBUG] [FML/]: Not found coremod data in roots-0.208.jar
[15:11:42] [main/DEBUG] [FML/]: Examining for coremod candidacy SBM-WoodenShears-1.10.2-0.0.1b2-universal.jar
[15:11:42] [main/DEBUG] [FML/]: Not found coremod data in SBM-WoodenShears-1.10.2-0.0.1b2-universal.jar
[15:11:42] [main/DEBUG] [FML/]: Examining for coremod candidacy scanner-1.5.2.jar
[15:11:42] [main/DEBUG] [FML/]: Not found coremod data in scanner-1.5.2.jar
[15:11:42] [main/DEBUG] [FML/]: Examining for coremod candidacy ShadowMC-1.10.2-3.6.1.jar
[15:11:42] [main/DEBUG] [FML/]: Not found coremod data in ShadowMC-1.10.2-3.6.1.jar
[15:11:42] [main/DEBUG] [FML/]: Examining for coremod candidacy shearmadness-1.10.2-1.7.0.4.jar
[15:11:42] [main/DEBUG] [FML/]: Not found coremod data in shearmadness-1.10.2-1.7.0.4.jar
[15:11:42] [main/DEBUG] [FML/]: Examining for coremod candidacy shetiphiancore-1.10.0-3.3.11.jar
[15:11:42] [main/TRACE] [FML/]: Found FMLCorePluginContainsFMLMod marker in shetiphiancore-1.10.0-3.3.11.jar, it will be examined later for regular @Mod instances
[15:11:42] [main/DEBUG] [FML/]: Instantiating coremod class TweakPlugin
[15:11:42] [main/TRACE] [FML/]: coremod named ShetiPhian-ASM is loading
[15:11:42] [main/WARN] [FML/]: The coremod shetiphian.core.asm.TweakPlugin does not have a MCVersion annotation, it may cause issues with this version of Minecraft
[15:11:42] [main/DEBUG] [FML/]: Enqueued coremod ShetiPhian-ASM
[15:11:42] [main/DEBUG] [FML/]: Examining for coremod candidacy SimpleAchievements-MC1.9.4-1.2.2-28.jar
[15:11:42] [main/DEBUG] [FML/]: Not found coremod data in SimpleAchievements-MC1.9.4-1.2.2-28.jar
[15:11:42] [main/DEBUG] [FML/]: Examining for coremod candidacy simplebarrels-1.26e.jar
[15:11:42] [main/DEBUG] [FML/]: Not found coremod data in simplebarrels-1.26e.jar
[15:11:42] [main/DEBUG] [FML/]: Examining for coremod candidacy simpleCorn-1.10.2-2.2.0.jar
[15:11:42] [main/DEBUG] [FML/]: Not found coremod data in simpleCorn-1.10.2-2.2.0.jar
[15:11:42] [main/DEBUG] [FML/]: Examining for coremod candidacy simplegenerators-1.10.2-0.10.6a.jar
[15:11:42] [main/DEBUG] [FML/]: Not found coremod data in simplegenerators-1.10.2-0.10.6a.jar
[15:11:42] [main/DEBUG] [FML/]: Examining for coremod candidacy simplelabels-1-10.2-0.0.3.jar
[15:11:42] [main/DEBUG] [FML/]: Not found coremod data in simplelabels-1-10.2-0.0.3.jar
[15:11:42] [main/DEBUG] [FML/]: Examining for coremod candidacy SimplyJetpacks2-1.10.2-2.1.3.55.jar
[15:11:42] [main/DEBUG] [FML/]: Not found coremod data in SimplyJetpacks2-1.10.2-2.1.3.55.jar
[15:11:42] [main/DEBUG] [FML/]: Examining for coremod candidacy Snad-1.10.2-1.6.09.20a.jar
[15:11:42] [main/DEBUG] [FML/]: Not found coremod data in Snad-1.10.2-1.6.09.20a.jar
[15:11:42] [main/DEBUG] [FML/]: Examining for coremod candidacy SolarFluxReborn_1.10.2-2.17r.jar
[15:11:42] [main/TRACE] [FML/]: Found FMLCorePluginContainsFMLMod marker in SolarFluxReborn_1.10.2-2.17r.jar, it will be examined later for regular @Mod instances
[15:11:42] [main/DEBUG] [FML/]: Instantiating coremod class SFRCore
[15:11:42] [main/DEBUG] [FML/]: The coremod com.mrdimka.solarfluxreborn.core.SFRCore requested minecraft version 1.10.2 and minecraft is 1.10.2. It will be loaded.
[15:11:42] [main/DEBUG] [FML/]: Added access transformer class com.mrdimka.solarfluxreborn.core.SFRSerializedTransformer to enqueued access transformers
[15:11:42] [main/DEBUG] [FML/]: Enqueued coremod SFRCore
[15:11:42] [main/DEBUG] [FML/]: Examining for coremod candidacy SonarCore-1.10.2-3.3.0.jar
[15:11:42] [main/DEBUG] [FML/]: Not found coremod data in SonarCore-1.10.2-3.3.0.jar
[15:11:42] [main/DEBUG] [FML/]: Examining for coremod candidacy StevesCarts-1.10.2-2.2.0.86.jar
[15:11:42] [main/DEBUG] [FML/]: Not found coremod data in StevesCarts-1.10.2-2.2.0.86.jar
[15:11:42] [main/DEBUG] [FML/]: Examining for coremod candidacy StorageDrawers-1.10.2-3.7.10.jar
[15:11:42] [main/DEBUG] [FML/]: Not found coremod data in StorageDrawers-1.10.2-3.7.10.jar
[15:11:42] [main/DEBUG] [FML/]: Examining for coremod candidacy SuperCircuitMaker-1.0.4.jar
[15:11:42] [main/DEBUG] [FML/]: Not found coremod data in SuperCircuitMaker-1.0.4.jar
[15:11:42] [main/DEBUG] [FML/]: Examining for coremod candidacy TConstruct-1.10.2-2.6.5.jar
[15:11:42] [main/DEBUG] [FML/]: Not found coremod data in TConstruct-1.10.2-2.6.5.jar
[15:11:42] [main/DEBUG] [FML/]: Examining for coremod candidacy The Beneath-1.10.2-1.2.0.jar
[15:11:42] [main/DEBUG] [FML/]: Not found coremod data in The Beneath-1.10.2-1.2.0.jar
[15:11:42] [main/DEBUG] [FML/]: Examining for coremod candidacy TinkerToolLeveling-1.10.2-1.0.1.jar
[15:11:42] [main/DEBUG] [FML/]: Not found coremod data in TinkerToolLeveling-1.10.2-1.0.1.jar
[15:11:42] [main/DEBUG] [FML/]: Examining for coremod candidacy tinyprogressions-1.10.2-1.1.0.jar
[15:11:42] [main/DEBUG] [FML/]: Not found coremod data in tinyprogressions-1.10.2-1.1.0.jar
[15:11:42] [main/DEBUG] [FML/]: Examining for coremod candidacy torchmaster_1.10.2-1.4.1.34.jar
[15:11:42] [main/DEBUG] [FML/]: Not found coremod data in torchmaster_1.10.2-1.4.1.34.jar
[15:11:42] [main/DEBUG] [FML/]: Examining for coremod candidacy Translocators-1.10.2-2.1.4.55-universal.jar
[15:11:42] [main/DEBUG] [FML/]: Not found coremod data in Translocators-1.10.2-2.1.4.55-universal.jar
[15:11:42] [main/DEBUG] [FML/]: Examining for coremod candidacy TS2K16-1.0.3.jar
[15:11:42] [main/DEBUG] [FML/]: Not found coremod data in TS2K16-1.0.3.jar
[15:11:42] [main/DEBUG] [FML/]: Examining for coremod candidacy Twitchcrumbs_1.10.2-2.0.4.jar
[15:11:42] [main/DEBUG] [FML/]: Not found coremod data in Twitchcrumbs_1.10.2-2.0.4.jar
[15:11:42] [main/DEBUG] [FML/]: Examining for coremod candidacy UniDict-1.10.2-2.9b.jar
[15:11:42] [main/DEBUG] [FML/]: Not found coremod data in UniDict-1.10.2-2.9b.jar
[15:11:42] [main/DEBUG] [FML/]: Examining for coremod candidacy valkyrielib-1.10.2-0.10.6.jar
[15:11:42] [main/DEBUG] [FML/]: Not found coremod data in valkyrielib-1.10.2-0.10.6.jar
[15:11:42] [main/DEBUG] [FML/]: Examining for coremod candidacy voidcup-1.10.2-0.0.1.jar
[15:11:42] [main/DEBUG] [FML/]: Not found coremod data in voidcup-1.10.2-0.0.1.jar
[15:11:42] [main/DEBUG] [FML/]: Examining for coremod candidacy Waddles-1.10.2-0.5.4.jar
[15:11:42] [main/DEBUG] [FML/]: Not found coremod data in Waddles-1.10.2-0.5.4.jar
[15:11:42] [main/DEBUG] [FML/]: Examining for coremod candidacy WanionLib-1.10.2-1.3.jar
[15:11:42] [main/DEBUG] [FML/]: Not found coremod data in WanionLib-1.10.2-1.3.jar
[15:11:42] [main/DEBUG] [FML/]: Examining for coremod candidacy Wawla-1.10.2-2.3.2.215.jar
[15:11:42] [main/DEBUG] [FML/]: Not found coremod data in Wawla-1.10.2-2.3.2.215.jar
[15:11:42] [main/DEBUG] [FML/]: Examining for coremod candidacy witherCrumbs-1.10.2-0.9.jar
[15:11:42] [main/DEBUG] [FML/]: Not found coremod data in witherCrumbs-1.10.2-0.9.jar
[15:11:42] [main/DEBUG] [FML/]: Examining for coremod candidacy xprings-1.10-1.3.0.jar
[15:11:42] [main/DEBUG] [FML/]: Not found coremod data in xprings-1.10-1.3.0.jar
[15:11:42] [main/DEBUG] [FML/]: Examining for coremod candidacy YUNoMakeGoodMap-1.10.2-6.1.0.26.jar
[15:11:42] [main/DEBUG] [FML/]: Not found coremod data in YUNoMakeGoodMap-1.10.2-6.1.0.26.jar
[15:11:42] [main/DEBUG] [FML/]: Examining for coremod candidacy zerocore-1.10.2-0.1.0.6.jar
[15:11:42] [main/DEBUG] [FML/]: Not found coremod data in zerocore-1.10.2-0.1.0.6.jar
[15:11:42] [main/INFO] [LaunchWrapper/]: Loading tweak class name net.minecraftforge.fml.common.launcher.FMLInjectionAndSortingTweaker
[15:11:42] [main/INFO] [LaunchWrapper/]: Loading tweak class name guichaguri.betterfps.tweaker.BetterFpsTweaker
[15:11:42] [main/INFO] [LaunchWrapper/]: Loading tweak class name net.minecraftforge.fml.common.launcher.FMLDeobfTweaker
[15:11:42] [main/INFO] [LaunchWrapper/]: Calling tweak class net.minecraftforge.fml.common.launcher.FMLInjectionAndSortingTweaker
[15:11:42] [main/INFO] [LaunchWrapper/]: Calling tweak class net.minecraftforge.fml.common.launcher.FMLInjectionAndSortingTweaker
[15:11:42] [main/INFO] [LaunchWrapper/]: Calling tweak class net.minecraftforge.fml.relauncher.CoreModManager$FMLPluginWrapper
[15:11:42] [main/DEBUG] [FML/]: Injecting coremod FMLCorePlugin {net.minecraftforge.fml.relauncher.FMLCorePlugin} class transformers
[15:11:42] [main/TRACE] [FML/]: Registering transformer net.minecraftforge.fml.common.asm.transformers.BlamingTransformer
[15:11:42] [main/TRACE] [FML/]: Registering transformer net.minecraftforge.fml.common.asm.transformers.SideTransformer
[15:11:42] [main/TRACE] [FML/]: Registering transformer net.minecraftforge.fml.common.asm.transformers.EventSubscriptionTransformer
[15:11:42] [main/TRACE] [FML/]: Registering transformer net.minecraftforge.fml.common.asm.transformers.EventSubscriberTransformer
[15:11:42] [main/DEBUG] [FML/]: Injection complete
[15:11:42] [main/DEBUG] [FML/]: Running coremod plugin for FMLCorePlugin {net.minecraftforge.fml.relauncher.FMLCorePlugin}
[15:11:42] [main/DEBUG] [FML/]: Running coremod plugin FMLCorePlugin
[15:11:43] [main/DEBUG] [FML/]: Read 915 binary patches
[15:11:43] [main/DEBUG] [FML/]: Loading deobfuscation resource /deobfuscation_data-1.10.2.lzma with 32371 records
[15:11:43] [main/INFO] [FML/]: Found valid fingerprint for Minecraft Forge. Certificate fingerprint e3c3d50c7c986df74c645c0ac54639741c90a557
[15:11:43] [main/DEBUG] [FML/]: Coremod plugin class FMLCorePlugin run successfully
[15:11:43] [main/INFO] [LaunchWrapper/]: Calling tweak class net.minecraftforge.fml.relauncher.CoreModManager$FMLPluginWrapper
[15:11:43] [main/DEBUG] [FML/]: Injecting coremod FMLForgePlugin {net.minecraftforge.classloading.FMLForgePlugin} class transformers
[15:11:43] [main/DEBUG] [FML/]: Injection complete
[15:11:43] [main/DEBUG] [FML/]: Running coremod plugin for FMLForgePlugin {net.minecraftforge.classloading.FMLForgePlugin}
[15:11:43] [main/DEBUG] [FML/]: Running coremod plugin FMLForgePlugin
[15:11:43] [main/DEBUG] [FML/]: Coremod plugin class FMLForgePlugin run successfully
[15:11:43] [main/INFO] [LaunchWrapper/]: Calling tweak class net.minecraftforge.fml.relauncher.CoreModManager$FMLPluginWrapper
[15:11:43] [main/DEBUG] [FML/]: Injecting coremod Brandon's Core {com.brandon3055.brandonscore.asm.LoadingPlugin} class transformers
[15:11:43] [main/TRACE] [FML/]: Registering transformer com.brandon3055.brandonscore.asm.ClassTransformer
[15:11:43] [main/DEBUG] [FML/]: Injection complete
[15:11:43] [main/DEBUG] [FML/]: Running coremod plugin for Brandon's Core {com.brandon3055.brandonscore.asm.LoadingPlugin}
[15:11:43] [main/DEBUG] [FML/]: Running coremod plugin Brandon's Core
[15:11:43] [main/DEBUG] [FML/]: Coremod plugin class LoadingPlugin run successfully
[15:11:43] [main/INFO] [LaunchWrapper/]: Calling tweak class net.minecraftforge.fml.relauncher.CoreModManager$FMLPluginWrapper
[15:11:43] [main/DEBUG] [FML/]: Injecting coremod CCLCorePlugin {codechicken.lib.asm.CCLCorePlugin} class transformers
[15:11:43] [main/TRACE] [FML/]: Registering transformer codechicken.lib.asm.ClassHeirachyManager
[15:11:43] [main/TRACE] [FML/]: Registering transformer codechicken.lib.asm.CCL_ASMTransformer
[15:11:43] [main/DEBUG] [FML/]: Injection complete
[15:11:43] [main/DEBUG] [FML/]: Running coremod plugin for CCLCorePlugin {codechicken.lib.asm.CCLCorePlugin}
[15:11:43] [main/DEBUG] [FML/]: Running coremod plugin CCLCorePlugin
[15:11:43] [main/DEBUG] [FML/]: Coremod plugin class CCLCorePlugin run successfully
[15:11:43] [main/INFO] [LaunchWrapper/]: Calling tweak class net.minecraftforge.fml.relauncher.CoreModManager$FMLPluginWrapper
[15:11:43] [main/DEBUG] [FML/]: Injecting coremod ForgelinPlugin {net.shadowfacts.forgelin.preloader.ForgelinPlugin} class transformers
[15:11:43] [main/DEBUG] [FML/]: Injection complete
[15:11:43] [main/DEBUG] [FML/]: Running coremod plugin for ForgelinPlugin {net.shadowfacts.forgelin.preloader.ForgelinPlugin}
[15:11:43] [main/DEBUG] [FML/]: Running coremod plugin ForgelinPlugin
[15:11:43] [main/DEBUG] [FML/]: Coremod plugin class ForgelinPlugin run successfully
[15:11:43] [main/INFO] [LaunchWrapper/]: Calling tweak class net.minecraftforge.fml.relauncher.CoreModManager$FMLPluginWrapper
[15:11:43] [main/DEBUG] [FML/]: Injecting coremod HammerCoreCore {com.pengu.hammercore.asm.HammerCoreCore} class transformers
[15:11:43] [main/TRACE] [FML/]: Registering transformer com.pengu.hammercore.asm.HammerCoreTransformer
[15:11:43] [main/DEBUG] [FML/]: Injection complete
[15:11:43] [main/DEBUG] [FML/]: Running coremod plugin for HammerCoreCore {com.pengu.hammercore.asm.HammerCoreCore}
[15:11:43] [main/DEBUG] [FML/]: Running coremod plugin HammerCoreCore
[15:11:43] [main/DEBUG] [FML/]: Coremod plugin class HammerCoreCore run successfully
[15:11:43] [main/INFO] [LaunchWrapper/]: Calling tweak class net.minecraftforge.fml.relauncher.CoreModManager$FMLPluginWrapper
[15:11:43] [main/DEBUG] [FML/]: Injecting coremod NEICorePlugin {codechicken.nei.asm.NEICorePlugin} class transformers
[15:11:43] [main/TRACE] [FML/]: Registering transformer codechicken.nei.asm.NEITransformer
[15:11:43] [main/DEBUG] [FML/]: Injection complete
[15:11:43] [main/DEBUG] [FML/]: Running coremod plugin for NEICorePlugin {codechicken.nei.asm.NEICorePlugin}
[15:11:43] [main/DEBUG] [FML/]: Running coremod plugin NEICorePlugin
[15:11:43] [main/DEBUG] [FML/]: Coremod plugin class NEICorePlugin run successfully
[15:11:43] [main/INFO] [LaunchWrapper/]: Calling tweak class net.minecraftforge.fml.relauncher.CoreModManager$FMLPluginWrapper
[15:11:43] [main/DEBUG] [FML/]: Injecting coremod TransformerLoader {li.cil.oc.common.launch.TransformerLoader} class transformers
[15:11:43] [main/TRACE] [FML/]: Registering transformer li.cil.oc.common.asm.ClassTransformer
[15:11:43] [main/DEBUG] [FML/]: Injection complete
[15:11:43] [main/DEBUG] [FML/]: Running coremod plugin for TransformerLoader {li.cil.oc.common.launch.TransformerLoader}
[15:11:43] [main/DEBUG] [FML/]: Running coremod plugin TransformerLoader
[15:11:43] [main/DEBUG] [FML/]: Coremod plugin class TransformerLoader run successfully
[15:11:43] [main/INFO] [LaunchWrapper/]: Calling tweak class net.minecraftforge.fml.relauncher.CoreModManager$FMLPluginWrapper
[15:11:43] [main/DEBUG] [FML/]: Injecting coremod RebornCoreASM {reborncore.mixin.implementations.forge.MixinForgeLoadingCore} class transformers
[15:11:43] [main/TRACE] [FML/]: Registering transformer reborncore.mixin.transformer.MixinTransformer
[15:11:44] [main/DEBUG] [FML/]: Injection complete
[15:11:44] [main/DEBUG] [FML/]: Running coremod plugin for RebornCoreASM {reborncore.mixin.implementations.forge.MixinForgeLoadingCore}
[15:11:44] [main/DEBUG] [FML/]: Running coremod plugin RebornCoreASM
[15:11:44] [main/DEBUG] [FML/]: Coremod plugin class MixinForgeLoadingCore run successfully
[15:11:44] [main/INFO] [LaunchWrapper/]: Calling tweak class net.minecraftforge.fml.relauncher.CoreModManager$FMLPluginWrapper
[15:11:44] [main/DEBUG] [FML/]: Injecting coremod SFRCore {com.mrdimka.solarfluxreborn.core.SFRCore} class transformers
[15:11:44] [main/TRACE] [FML/]: Registering transformer com.mrdimka.solarfluxreborn.core.SFRSerializedTransformer
[15:11:44] [main/DEBUG] [FML/]: Injection complete
[15:11:44] [main/DEBUG] [FML/]: Running coremod plugin for SFRCore {com.mrdimka.solarfluxreborn.core.SFRCore}
[15:11:44] [main/DEBUG] [FML/]: Running coremod plugin SFRCore
[15:11:44] [main/DEBUG] [FML/]: Coremod plugin class SFRCore run successfully
[15:11:44] [main/INFO] [LaunchWrapper/]: Calling tweak class guichaguri.betterfps.tweaker.BetterFpsTweaker
[15:11:44] [main/DEBUG] [BetterFps/]: Loading Mappings...
[15:11:44] [main/INFO] [LaunchWrapper/]: Calling tweak class net.minecraftforge.fml.common.launcher.FMLDeobfTweaker
[15:11:44] [main/DEBUG] [FML/]: Loaded 195 rules from AccessTransformer config file forge_at.cfg
[15:11:44] [main/DEBUG] [FML/]: Loaded 1 rules from AccessTransformer config file foamfix_runtime_at.cfg
[15:11:44] [main/DEBUG] [FML/]: Loaded 37 rules from AccessTransformer mod jar file /data/FeedTheBeast/mods/CodeChickenLib-1.10.2-2.5.9.283-universal.jar!META-INF/ccl_at.cfg

[15:11:44] [main/DEBUG] [FML/]: Loaded 9 rules from AccessTransformer mod jar file /data/FeedTheBeast/mods/Controlling-1.0.5.jar!META-INF/controlling_at.cfg

[15:11:44] [main/DEBUG] [FML/]: Loaded 5 rules from AccessTransformer mod jar file /data/FeedTheBeast/mods/YUNoMakeGoodMap-1.10.2-6.1.0.26.jar!META-INF/YUNoMakeGoodMap_at.cfg

[15:11:44] [main/DEBUG] [FML/]: Loaded 7 rules from AccessTransformer mod jar file /data/FeedTheBeast/mods/jei_1.10.2-3.14.7.420.jar!META-INF/jei_at.cfg

[15:11:44] [main/DEBUG] [FML/]: Loaded 4 rules from AccessTransformer mod jar file /data/FeedTheBeast/mods/rftoolsdim-1.1x-5.05.jar!META-INF/rftoolsdim_at.cfg

[15:11:44] [main/DEBUG] [FML/]: Loaded 1 rules from AccessTransformer mod jar file /data/FeedTheBeast/mods/DefaultOptions_1.10.2-6.1.5.jar!META-INF/defaultoptions_at.cfg

[15:11:44] [main/DEBUG] [FML/]: Loaded 1 rules from AccessTransformer mod jar file /data/FeedTheBeast/mods/ResourceLoader-MC1.9.4-1.5.1.jar!META-INF/ResourceLoader_At.cfg

[15:11:44] [main/DEBUG] [FML/]: Loaded 102 rules from AccessTransformer mod jar file /data/FeedTheBeast/mods/extrautils2-1.10.2-1.6.3.jar!META-INF/extrautils2_at.cfg

[15:11:44] [main/DEBUG] [FML/]: Loaded 1 rules from AccessTransformer mod jar file /data/FeedTheBeast/mods/witherCrumbs-1.10.2-0.9.jar!META-INF/withercrumbs_at.cfg

[15:11:44] [main/DEBUG] [FML/]: Loaded 1 rules from AccessTransformer mod jar file /data/FeedTheBeast/mods/FarmingForBlockheads_1.10.2-1.1.16.jar!META-INF/farmingforblockheads_at.cfg

[15:11:44] [main/DEBUG] [FML/]: Loaded 29 rules from AccessTransformer mod jar file /data/FeedTheBeast/mods/ImmersiveEngineering-0.10-61.jar!META-INF/ImmersiveEngineering_at.cfg

[15:11:44] [main/DEBUG] [FML/]: Loaded 1 rules from AccessTransformer mod jar file /data/FeedTheBeast/mods/Decocraft-2.4.2_1.10.2.jar!META-INF/decocraft_at.cfg

[15:11:44] [main/DEBUG] [FML/]: Loaded 1 rules from AccessTransformer mod jar file /data/FeedTheBeast/mods/ElevatorMod[V.1.3.0][MC.1.10.2].jar!META-INF/elevator_at.cfg

[15:11:44] [main/DEBUG] [FML/]: Loaded 24 rules from AccessTransformer mod jar file /data/FeedTheBeast/mods/BrandonsCore-1.10.2-2.1.12.130-universal.jar!META-INF/BrandonsCore_at.cfg

[15:11:44] [main/DEBUG] [FML/]: Loaded 8 rules from AccessTransformer mod jar file /data/FeedTheBeast/mods/Mantle-1.10.2-1.1.5.jar!META-INF/mantle_at.cfg

[15:11:44] [main/DEBUG] [FML/]: Loaded 33 rules from AccessTransformer mod jar file /data/FeedTheBeast/mods/TConstruct-1.10.2-2.6.5.jar!META-INF/tconstruct_at.cfg

[15:11:44] [main/DEBUG] [FML/]: Loaded 19 rules from AccessTransformer mod jar file /data/FeedTheBeast/mods/CustomMainMenu-MC1.10.2-2.0.5.jar!META-INF/CustomMainMenu_At.cfg

[15:11:44] [main/DEBUG] [FML/]: Loaded 4 rules from AccessTransformer mod jar file /data/FeedTheBeast/mods/BetterThanBunnies-1.10.2-1.1.0.jar!META-INF/BetterThanBunnies_at.cfg

[15:11:44] [main/DEBUG] [FML/]: Loaded 2 rules from AccessTransformer mod jar file /data/FeedTheBeast/mods/ChickenChunks-1.10.2-2.2.0.52-universal.jar!META-INF/chickenchunks_at.cfg

[15:11:44] [main/DEBUG] [FML/]: Loaded 3 rules from AccessTransformer mod jar file /data/FeedTheBeast/mods/InGameInfoXML-1.10.2-2.8.1.89-universal.jar!META-INF/igi_at.cfg

[15:11:44] [main/DEBUG] [FML/]: Loaded 1 rules from AccessTransformer mod jar file /data/FeedTheBeast/mods/base-1.10.2-1.4.0.jar!META-INF/base_at.cfg

[15:11:44] [main/DEBUG] [FML/]: Loaded 26 rules from AccessTransformer mod jar file /data/FeedTheBeast/mods/NotEnoughItems-1.10.2-2.1.3.220-universal.jar!META-INF/nei_at.cfg

[15:11:44] [main/DEBUG] [FML/]: Loaded 6 rules from AccessTransformer mod jar file /data/FeedTheBeast/mods/CodeChickenCore-1.10.2-2.4.1.102-universal.jar!META-INF/ccc_at.cfg

[15:11:44] [main/DEBUG] [FML/]: Loaded 13 rules from AccessTransformer mod jar file /data/FeedTheBeast/mods/BiomeTweaker-1.10.2-2.3.239.jar!META-INF/biometweaker_at.cfg

[15:11:44] [main/DEBUG] [FML/]: Loaded 72 rules from AccessTransformer mod jar file /data/FeedTheBeast/mods/Bookshelf-1.10.2-1.4.4.347.jar!META-INF/bookshelf_at.cfg

[15:11:44] [main/DEBUG] [FML/]: Loaded 5 rules from AccessTransformer mod jar file /data/FeedTheBeast/mods/chiselsandbits-12.15.jar!META-INF/chiselsandbits_at.cfg

[15:11:44] [main/DEBUG] [FML/]: Loaded 45 rules from AccessTransformer mod jar file /data/FeedTheBeast/mods/HammerCore-1.10.2-1.9.4.3.jar!META-INF/hc_at.cfg

[15:11:44] [main/DEBUG] [FML/]: Loaded 1 rules from AccessTransformer mod jar file /data/FeedTheBeast/mods/journeymap-1.10.2-5.5.0b4.jar!META-INF/journeymap_at.cfg

[15:11:44] [main/DEBUG] [FML/]: Loaded 6 rules from AccessTransformer mod jar file /data/FeedTheBeast/mods/ClientTweaks_1.10.2-1.1.16.jar!META-INF/clienttweaks_at.cfg

[15:11:44] [main/DEBUG] [FML/]: Loaded 7 rules from AccessTransformer mod jar file /data/FeedTheBeast/mods/Chisel-MC1.10.2-0.0.14.33.jar!META-INF/chisel_at.cfg

[15:11:44] [main/DEBUG] [FML/]: Loaded 5 rules from AccessTransformer mod jar file /data/FeedTheBeast/mods/CTM-MC1.10.2-0.2.2.24.jar!META-INF/ctm_at.cfg

[15:11:44] [main/DEBUG] [FML/]: Loaded 4 rules from AccessTransformer mod jar file /data/FeedTheBeast/mods/shearmadness-1.10.2-1.7.0.4.jar!META-INF/ShearMadness_at.cfg

[15:11:44] [main/DEBUG] [FML/]: Loaded 2 rules from AccessTransformer mod jar file /data/FeedTheBeast/mods/Wawla-1.10.2-2.3.2.215.jar!META-INF/wawla_at.cfg

[15:11:44] [main/DEBUG] [FML/]: Loaded 4 rules from AccessTransformer mod jar file /data/FeedTheBeast/mods/Baubles-1.10.2-1.3.11.jar!META-INF/baubles_at.cfg

[15:11:44] [main/DEBUG] [FML/]: Loaded 9 rules from AccessTransformer mod jar file /data/FeedTheBeast/mods/llibrary-1.7.7-1.10.2.jar!META-INF/llibrary_at.cfg

[15:11:44] [main/DEBUG] [FML/]: Loaded 32 rules from AccessTransformer mod jar file /data/FeedTheBeast/mods/Draconic-Evolution-1.10.2-2.1.6.263-universal.jar!META-INF/DraconicEvolution_at.cfg

[15:11:44] [main/DEBUG] [FML/]: Loaded 7 rules from AccessTransformer mod jar file /data/FeedTheBeast/mods/rftools-1.1x-6.13.jar!META-INF/rftools_at.cfg

[15:11:44] [main/DEBUG] [FML/]: Loaded 9 rules from AccessTransformer mod jar file /data/FeedTheBeast/mods/FTBLib-1.1x-3.6.5.jar!META-INF/ftbl_at.cfg

[15:11:44] [main/DEBUG] [FML/]: Loaded 1 rules from AccessTransformer mod jar file /data/FeedTheBeast/mods/FullscreenWindowed-1.10.2-1.5.1.jar!META-INF/fw_at.cfg

[15:11:44] [main/DEBUG] [FML/]: Loaded 10 rules from AccessTransformer mod jar file /data/FeedTheBeast/mods/OpenComputers-MC1.10.2-1.6.2.7.jar!META-INF/oc_at.cfg

[15:11:44] [main/DEBUG] [FML/]: Loaded 2 rules from AccessTransformer mod jar file /data/FeedTheBeast/mods/CookingForBlockheads_1.10.2-4.2.45.jar!META-INF/cookingforblockheads_at.cfg

[15:11:44] [main/DEBUG] [FML/]: Loaded 4 rules from AccessTransformer mod jar file /data/FeedTheBeast/mods/MoarSigns-1.10.2-4.2.3.9.jar!META-INF/moarSigns_at.cfg

[15:11:44] [main/DEBUG] [FML/]: Validating minecraft
[15:11:44] [main/DEBUG] [FML/]: Minecraft validated, launching...
[15:11:44] [main/INFO] [LaunchWrapper/]: Calling tweak class net.minecraftforge.fml.relauncher.CoreModManager$FMLPluginWrapper
[15:11:44] [main/DEBUG] [FML/]: Injecting coremod BiomeTweakerCore {me.superckl.biometweaker.core.BiomeTweakerCore} class transformers
[15:11:44] [main/TRACE] [FML/]: Registering transformer me.superckl.biometweaker.core.BiomeTweakerASMTransformer
[15:11:44] [main/DEBUG] [FML/]: Injection complete
[15:11:44] [main/DEBUG] [FML/]: Running coremod plugin for BiomeTweakerCore {me.superckl.biometweaker.core.BiomeTweakerCore}
[15:11:44] [main/DEBUG] [FML/]: Running coremod plugin BiomeTweakerCore
[15:11:44] [main/INFO] [BiomeTweakerCore/]: Beginning early config parsing...
[15:11:44] [main/DEBUG] [BiomeTweakerCore/]: We are operating in /data/FeedTheBeast/./config/BiomeTweaker
[15:11:44] [main/INFO] [BiomeTweakerCore/]: Finished config parsing.
[15:11:44] [main/DEBUG] [FML/]: Coremod plugin class BiomeTweakerCore run successfully
[15:11:44] [main/INFO] [LaunchWrapper/]: Calling tweak class net.minecraftforge.fml.relauncher.CoreModManager$FMLPluginWrapper
[15:11:44] [main/DEBUG] [FML/]: Injecting coremod BookshelfLoadingPlugin {net.darkhax.bookshelf.asm.BookshelfLoadingPlugin} class transformers
[15:11:44] [main/TRACE] [FML/]: Registering transformer net.darkhax.bookshelf.asm.BookshelfTransformerManager
[15:11:44] [main/DEBUG] [FML/]: Injection complete
[15:11:44] [main/DEBUG] [FML/]: Running coremod plugin for BookshelfLoadingPlugin {net.darkhax.bookshelf.asm.BookshelfLoadingPlugin}
[15:11:44] [main/DEBUG] [FML/]: Running coremod plugin BookshelfLoadingPlugin
[15:11:44] [main/DEBUG] [FML/]: Coremod plugin class BookshelfLoadingPlugin run successfully
[15:11:44] [main/INFO] [LaunchWrapper/]: Calling tweak class net.minecraftforge.fml.relauncher.CoreModManager$FMLPluginWrapper
[15:11:44] [main/DEBUG] [FML/]: Injecting coremod Default Options {net.blay09.mods.defaultoptions.coremod.DefaultOptionsLoadingPlugin} class transformers
[15:11:44] [main/TRACE] [FML/]: Registering transformer net.blay09.mods.defaultoptions.coremod.DefaultOptionsClassTransformer
[15:11:44] [main/DEBUG] [FML/]: Injection complete
[15:11:44] [main/DEBUG] [FML/]: Running coremod plugin for Default Options {net.blay09.mods.defaultoptions.coremod.DefaultOptionsLoadingPlugin}
[15:11:44] [main/DEBUG] [FML/]: Running coremod plugin Default Options
[15:11:44] [main/DEBUG] [FML/]: Coremod plugin class DefaultOptionsLoadingPlugin run successfully
[15:11:44] [main/INFO] [LaunchWrapper/]: Calling tweak class net.minecraftforge.fml.relauncher.CoreModManager$FMLPluginWrapper
[15:11:44] [main/DEBUG] [FML/]: Injecting coremod Do not report to Forge! Remove FoamFixAPI (or replace with FoamFixAPI-Lawful) and try again. {pl.asie.foamfix.coremod.FoamFixCore} class transformers
[15:11:44] [main/TRACE] [FML/]: Registering transformer pl.asie.foamfix.coremod.FoamFixTransformer
[15:11:44] [main/DEBUG] [FML/]: Injection complete
[15:11:44] [main/DEBUG] [FML/]: Running coremod plugin for Do not report to Forge! Remove FoamFixAPI (or replace with FoamFixAPI-Lawful) and try again. {pl.asie.foamfix.coremod.FoamFixCore}
[15:11:44] [main/DEBUG] [FML/]: Running coremod plugin Do not report to Forge! Remove FoamFixAPI (or replace with FoamFixAPI-Lawful) and try again.
[15:11:44] [main/DEBUG] [FML/]: Coremod plugin class FoamFixCore run successfully
[15:11:44] [main/INFO] [LaunchWrapper/]: Calling tweak class net.minecraftforge.fml.relauncher.CoreModManager$FMLPluginWrapper
[15:11:44] [main/DEBUG] [FML/]: Injecting coremod llibrary {net.ilexiconn.llibrary.server.core.plugin.LLibraryPlugin} class transformers
[15:11:44] [main/TRACE] [FML/]: Registering transformer net.ilexiconn.llibrary.server.core.plugin.LLibraryTransformer
[15:11:44] [main/TRACE] [FML/]: Registering transformer net.ilexiconn.llibrary.server.core.patcher.LLibraryRuntimePatcher
[15:11:44] [main/INFO] [FML/]: Found runtime patcher net.ilexiconn.llibrary.server.core.patcher.LLibraryRuntimePatcher
[15:11:44] [main/DEBUG] [FML/]: Injection complete
[15:11:44] [main/DEBUG] [FML/]: Running coremod plugin for llibrary {net.ilexiconn.llibrary.server.core.plugin.LLibraryPlugin}
[15:11:44] [main/DEBUG] [FML/]: Running coremod plugin llibrary
[15:11:44] [main/DEBUG] [FML/]: Coremod plugin class LLibraryPlugin run successfully
[15:11:44] [main/INFO] [LaunchWrapper/]: Calling tweak class net.minecraftforge.fml.relauncher.CoreModManager$FMLPluginWrapper
[15:11:44] [main/DEBUG] [FML/]: Injecting coremod LoadingPlugin {lumien.randomthings.asm.LoadingPlugin} class transformers
[15:11:44] [main/TRACE] [FML/]: Registering transformer lumien.randomthings.asm.ClassTransformer
[15:11:44] [main/DEBUG] [RandomThingsCore/]: Starting Class Transformation
[15:11:44] [main/DEBUG] [FML/]: Injection complete
[15:11:44] [main/DEBUG] [FML/]: Running coremod plugin for LoadingPlugin {lumien.randomthings.asm.LoadingPlugin}
[15:11:44] [main/DEBUG] [FML/]: Running coremod plugin LoadingPlugin
[15:11:44] [main/DEBUG] [FML/]: Coremod plugin class LoadingPlugin run successfully
[15:11:44] [main/INFO] [LaunchWrapper/]: Calling tweak class net.minecraftforge.fml.relauncher.CoreModManager$FMLPluginWrapper
[15:11:44] [main/DEBUG] [FML/]: Injecting coremod LoadingPlugin {lumien.resourceloader.asm.LoadingPlugin} class transformers
[15:11:44] [main/TRACE] [FML/]: Registering transformer lumien.resourceloader.asm.ClassTransformer
[15:11:44] [main/DEBUG] [FML/]: Injection complete
[15:11:44] [main/DEBUG] [FML/]: Running coremod plugin for LoadingPlugin {lumien.resourceloader.asm.LoadingPlugin}
[15:11:44] [main/DEBUG] [FML/]: Running coremod plugin LoadingPlugin
[15:11:44] [main/DEBUG] [FML/]: Coremod plugin class LoadingPlugin run successfully
[15:11:44] [main/INFO] [LaunchWrapper/]: Calling tweak class net.minecraftforge.fml.relauncher.CoreModManager$FMLPluginWrapper
[15:11:44] [main/DEBUG] [FML/]: Injecting coremod ShetiPhian-ASM {shetiphian.core.asm.TweakPlugin} class transformers
[15:11:44] [main/TRACE] [FML/]: Registering transformer shetiphian.core.asm.ClassTransformer
[15:11:44] [main/DEBUG] [FML/]: Injection complete
[15:11:44] [main/DEBUG] [FML/]: Running coremod plugin for ShetiPhian-ASM {shetiphian.core.asm.TweakPlugin}
[15:11:44] [main/DEBUG] [FML/]: Running coremod plugin ShetiPhian-ASM
[15:11:44] [main/DEBUG] [FML/]: Coremod plugin class TweakPlugin run successfully
[15:11:44] [main/INFO] [LaunchWrapper/]: Calling tweak class net.minecraftforge.fml.relauncher.CoreModManager$FMLPluginWrapper
[15:11:44] [main/DEBUG] [FML/]: Injecting coremod literalascension {com.jamieswhiteshirt.literalascension.core.plugin.LiteralAscensionPlugin} class transformers
[15:11:44] [main/TRACE] [FML/]: Registering transformer com.jamieswhiteshirt.literalascension.core.patcher.LiteralAscensionRuntimePatcher
[15:11:44] [main/INFO] [FML/]: Found runtime patcher com.jamieswhiteshirt.literalascension.core.patcher.LiteralAscensionRuntimePatcher
[15:11:44] [main/DEBUG] [FML/]: Injection complete
[15:11:44] [main/DEBUG] [FML/]: Running coremod plugin for literalascension {com.jamieswhiteshirt.literalascension.core.plugin.LiteralAscensionPlugin}
[15:11:44] [main/DEBUG] [FML/]: Running coremod plugin literalascension
[15:11:44] [main/DEBUG] [FML/]: Coremod plugin class LiteralAscensionPlugin run successfully
[15:11:44] [main/INFO] [LaunchWrapper/]: Calling tweak class net.minecraftforge.fml.relauncher.CoreModManager$FMLPluginWrapper
[15:11:44] [main/DEBUG] [FML/]: Injecting coremod AppleCore {squeek.applecore.AppleCore} class transformers
[15:11:44] [main/TRACE] [FML/]: Registering transformer squeek.applecore.asm.TransformerModuleHandler
[15:11:44] [main/INFO] [FML/]: Found runtime patcher com.jamieswhiteshirt.literalascension.core.patcher.LiteralAscensionRuntimePatcher$onInit$1
[15:11:44] [main/DEBUG] [FML/]: Injection complete
[15:11:44] [main/DEBUG] [FML/]: Running coremod plugin for AppleCore {squeek.applecore.AppleCore}
[15:11:44] [main/DEBUG] [FML/]: Running coremod plugin AppleCore
[15:11:44] [main/DEBUG] [FML/]: Coremod plugin class AppleCore run successfully
[15:11:44] [main/INFO] [LaunchWrapper/]: Calling tweak class net.minecraftforge.fml.relauncher.CoreModManager$FMLPluginWrapper
[15:11:44] [main/DEBUG] [FML/]: Injecting coremod NWRTweak {net.fybertech.nwr.NWRTweak} class transformers
[15:11:44] [main/TRACE] [FML/]: Registering transformer net.fybertech.nwr.NWRTransformer
[15:11:44] [main/DEBUG] [FML/]: Injection complete
[15:11:44] [main/DEBUG] [FML/]: Running coremod plugin for NWRTweak {net.fybertech.nwr.NWRTweak}
[15:11:44] [main/DEBUG] [FML/]: Running coremod plugin NWRTweak
[15:11:44] [main/DEBUG] [FML/]: Coremod plugin class NWRTweak run successfully
[15:11:44] [main/INFO] [LaunchWrapper/]: Calling tweak class net.minecraftforge.fml.relauncher.CoreModManager$FMLPluginWrapper
[15:11:44] [main/DEBUG] [FML/]: Injecting coremod CTMCorePlugin {team.chisel.ctm.client.asm.CTMCorePlugin} class transformers
[15:11:44] [main/TRACE] [FML/]: Registering transformer team.chisel.ctm.client.asm.CTMTransformer
[15:11:44] [main/DEBUG] [FML/]: Injection complete
[15:11:44] [main/DEBUG] [FML/]: Running coremod plugin for CTMCorePlugin {team.chisel.ctm.client.asm.CTMCorePlugin}
[15:11:44] [main/DEBUG] [FML/]: Running coremod plugin CTMCorePlugin
[15:11:44] [main/DEBUG] [FML/]: Coremod plugin class CTMCorePlugin run successfully
[15:11:44] [main/INFO] [LaunchWrapper/]: Calling tweak class net.minecraftforge.fml.relauncher.CoreModManager$FMLPluginWrapper
[15:11:44] [main/DEBUG] [FML/]: Injecting coremod EnderCorePlugin {com.enderio.core.common.transform.EnderCorePlugin} class transformers
[15:11:44] [main/TRACE] [FML/]: Registering transformer com.enderio.core.common.transform.EnderCoreTransformer
[15:11:44] [main/DEBUG] [FML/]: Injection complete
[15:11:44] [main/DEBUG] [FML/]: Running coremod plugin for EnderCorePlugin {com.enderio.core.common.transform.EnderCorePlugin}
[15:11:44] [main/DEBUG] [FML/]: Running coremod plugin EnderCorePlugin
[15:11:44] [main/DEBUG] [FML/]: Coremod plugin class EnderCorePlugin run successfully
[15:11:44] [main/INFO] [LaunchWrapper/]: Loading tweak class name net.minecraftforge.fml.common.launcher.TerminalTweaker
[15:11:44] [main/INFO] [LaunchWrapper/]: Calling tweak class net.minecraftforge.fml.common.launcher.TerminalTweaker
[15:11:44] [main/INFO] [FML/]: Patching class net/minecraft/server/MinecraftServer
[15:11:44] [main/INFO] [FML/]:    Patching method run()V
[15:11:44] [main/INFO] [STDOUT/]: [pl.asie.foamfix.coremod.patches.ClassGetSimpleNamePatch$FFMethodVisitor:visitMethodInsn:49]: Replaced getSimpleName with getName
[15:11:44] [main/INFO] [STDOUT/]: [pl.asie.foamfix.coremod.FoamFixTransformer:spliceClasses:113]: Added METHOD: net.minecraft.world.World.func_191504_a
[15:11:45] [main/DEBUG] [RandomThingsCore/]: Found World Class: net/minecraft/world/World
[15:11:45] [main/DEBUG] [RandomThingsCore/]: - Found getRedstonePower (1/3)
[15:11:45] [main/DEBUG] [RandomThingsCore/]: - Found getStrongPower (2/3)
[15:11:45] [main/DEBUG] [RandomThingsCore/]: - Found isRainingAt (3/3)
[15:11:45] [main/INFO] [Hammer Core [ASM]/]: Transforming net.minecraft.util.HttpUtil (rb)...
[15:11:45] [main/INFO] [ShetiPhian-ASM/]: Attempting: Injection of Run Particle Override into Entity.createRunningParticles
[15:11:45] [main/INFO] [ShetiPhian-ASM/]: Searching for: Entity.createRunningParticles (func_174808_Z)
[15:11:45] [main/INFO] [ShetiPhian-ASM/]: Found Method: Entity.createRunningParticles
[15:11:45] [main/INFO] [ShetiPhian-ASM/]: Injecting: Run Particle Override
[15:11:45] [main/INFO] [EnderCore/]: Transforming net.minecraft.entity.player.EntityPlayer finished, added func_184613_cA() overriding EntityLivingBase
[15:11:45] [main/DEBUG] [RandomThingsCore/]: Found EntityLivingBase Class: net/minecraft/entity/EntityLivingBase
[15:11:45] [main/DEBUG] [RandomThingsCore/]: - Found updatePotionEffects (1/1)
[15:11:45] [main/INFO] [FML/]: Patching class net/minecraft/entity/EntityLivingBase
[15:11:45] [main/INFO] [FML/]:    Patching method func_70617_f_()Z
[15:11:45] [main/INFO] [LaunchWrapper/]: Launching wrapped minecraft {net.minecraft.server.MinecraftServer}
[15:11:45] [main/INFO] [BetterFps/]: Patching net.minecraft.block.Block... (akf)
[15:11:45] [main/DEBUG] [RandomThingsCore/]: Found Block Class: net/minecraft/block/Block
[15:11:45] [main/DEBUG] [RandomThingsCore/]: - Found addCollisionBoxesToList (1/1)
[15:11:45] [main/INFO] [STDOUT/]: [team.chisel.ctm.client.asm.CTMTransformer:transform:38]: Transforming Class [net.minecraft.block.Block], Method [getExtendedState]
[15:11:45] [main/INFO] [STDOUT/]: [team.chisel.ctm.client.asm.CTMTransformer:transform:93]: Transforming net.minecraft.block.Block Finished.
[15:11:45] [main/INFO] [BiomeTweakerCore/]: Attempting to patch class net.minecraft.world.biome.Biome...
[15:11:45] [main/DEBUG] [BiomeTweakerCore/]: Successfully inserted 'actualFillerBlocks' field into net.minecraft.world.biome.Biome
[15:11:45] [main/DEBUG] [BiomeTweakerCore/]: Successfully inserted 'oceanTopBlock' field into net.minecraft.world.biome.Biome
[15:11:45] [main/DEBUG] [BiomeTweakerCore/]: Successfully inserted 'oceanFillerBlock' field into net.minecraft.world.biome.Biome
[15:11:45] [main/DEBUG] [BiomeTweakerCore/]: Successfully inserted 'grassColor' field into net.minecraft.world.biome.Biome
[15:11:45] [main/DEBUG] [BiomeTweakerCore/]: Successfully inserted 'foliageColor' field into net.minecraft.world.biome.Biome
[15:11:45] [main/DEBUG] [BiomeTweakerCore/]: Successfully inserted 'skyColor' field into net.minecraft.world.biome.Biome
[15:11:45] [main/DEBUG] [BiomeTweakerCore/]: Successfully inserted empty array into 'actualFillerBlocks'
[15:11:45] [main/DEBUG] [BiomeTweakerCore/]: Successfully inserted stone into 'oceanFillerBlock'
[15:11:45] [main/DEBUG] [BiomeTweakerCore/]: Successfully inserted gravel into 'oceanTopBlock'
[15:11:45] [main/DEBUG] [BiomeTweakerCore/]: Successfully inserted -1 into 'grassColor'
[15:11:45] [main/DEBUG] [BiomeTweakerCore/]: Successfully inserted -1 into 'foliageColor'
[15:11:45] [main/DEBUG] [BiomeTweakerCore/]: Successfully inserted -1 into 'skyColor'
[15:11:45] [main/DEBUG] [BiomeTweakerCore/]: Successfully redirected 'Stone' check to 'contains' method.
[15:11:45] [main/DEBUG] [BiomeTweakerCore/]: Successfully inserted 'oceanTopBlock' instructions.
[15:11:45] [main/DEBUG] [BiomeTweakerCore/]: Successfully inserted 'oceanFillerBlock' instructions.
[15:11:45] [main/WARN] [BiomeTweakerCore/]: Failed to insert sky color instructions. If this is a server, don't worry. If if this a client, worry. A lot.
[15:11:45] [main/INFO] [BiomeTweakerCore/]: Sucessfully patched net.minecraft.world.biome.Biome! 15 patches were applied.
[15:11:45] [main/INFO] [BetterFps/]: Patching net.minecraft.block.BlockHopper... (ams)
